------------------------------------------------------------------
  Running MRIQC version 24.1.0.dev0+gd5b13cb5.d20240826
  ----------------------------------------------------------------

  NOTICE
  Copyright © The NiPreps Developers.
  
  This product includes software developed by
  the NiPreps Community (https://nipreps.org/).
  
  Portions of this software were developed at the Department of
  Psychology at Stanford University, Stanford, CA, US.
  
  This software contains code ultimately derived from the
  PCP Quality Assessment Protocol (QAP;
  http://preprocessed-connectomes-project.org/quality-assessment-protocol)
  by C. Craddock, S. Giavasis, D. Clark, Z. Shezhad, and J. Pellman.
  
  This software is also distributed as a Docker container image.
  The bootstrapping file for the image ("Dockerfile") is licensed
  under the MIT License.

  ----------------------------------------------------------------

  * BIDS dataset path: /local/nvme/ds005664_ts003.783806/ds/sourcedata/raw.
  * Output folder: mriqc.
  * Analysis levels: ['participant'].
------------------------------------------------------------------

2026-03-26 22:36:18 |[33;20m IMPORTANT [0m|[33;20m mriqc            [0m|[33;20m Extracting metadata and entities for 3 input runs of modality 't1w'...[0m
2026-03-26 22:36:18 |[33;20m IMPORTANT [0m|[33;20m mriqc            [0m|[33;20m File size ('t1w'): 0.01|0.01 GB [maximum|average].[0m
2026-03-26 22:36:18 |[34;20m INFO     [0m|[34;20m mriqc            [0m|[34;20m MRIQC config file: /local/nvme/ds005664_ts003.783806/ds/tmp/config-20260326-223614_89303a07-8046-489c-9bd8-5b7dbc074afe.toml.[0m
2026-03-26 22:36:22 |[34;20m INFO     [0m|[34;20m matplotlib.font_manager [0m|[34;20m generated new fontManager[0m
2026-03-26 22:36:23 |[33;20m IMPORTANT [0m|[33;20m mriqc            [0m|[33;20m Building MRIQC's workflows...[0m
2026-03-26 22:36:23 |[34;20m INFO     [0m|[34;20m nipype.workflow  [0m|[34;20m Building anatomical MRIQC workflow for 3 NIfTI files..[0m
2026-03-26 22:36:28 |[33;20m IMPORTANT [0m|[33;20m mriqc            [0m|[33;20m Workflow building finished (exit code 0).[0m
2026-03-26 22:36:34 |[34;20m INFO     [0m|[34;20m nipype.workflow  [0m|[34;20m Workflow mriqc_wf settings: ['check', 'execution', 'logging', 'monitoring'][0m
2026-03-26 22:36:34 |[34;20m INFO     [0m|[34;20m nipype.workflow  [0m|[34;20m [Node] Setting-up "mriqc_wf.anatMRIQC.conform" in "/local/nvme/ds005664_ts003.783806/ds/tmp/mriqc_wf/anatMRIQC/5d48b37b57dde43c40f0f8e39a9a3b29e6b0f7b9/conform".[0m
2026-03-26 22:36:34 |[34;20m INFO     [0m|[34;20m nipype.workflow  [0m|[34;20m [Node] Setting-up "mriqc_wf.anatMRIQC.conform" in "/local/nvme/ds005664_ts003.783806/ds/tmp/mriqc_wf/anatMRIQC/101ff448bc807dc2d8caf163c7e26a7ac114b4f7/conform".[0m
2026-03-26 22:36:34 |[34;20m INFO     [0m|[34;20m nipype.workflow  [0m|[34;20m [Node] Setting-up "mriqc_wf.anatMRIQC.conform" in "/local/nvme/ds005664_ts003.783806/ds/tmp/mriqc_wf/anatMRIQC/73f37850687a06c193ba0ea2d8d5e6146f773654/conform".[0m
2026-03-26 22:36:34 |[34;20m INFO     [0m|[34;20m nipype.workflow  [0m|[34;20m [Node] Executing "conform" <mriqc.interfaces.common.conform_image.ConformImage>[0m
2026-03-26 22:36:34 |[34;20m INFO     [0m|[34;20m nipype.workflow  [0m|[34;20m [Node] Executing "conform" <mriqc.interfaces.common.conform_image.ConformImage>[0m
2026-03-26 22:36:34 |[34;20m INFO     [0m|[34;20m nipype.workflow  [0m|[34;20m [Node] Executing "conform" <mriqc.interfaces.common.conform_image.ConformImage>[0m
2026-03-26 22:36:35 |[34;20m INFO     [0m|[34;20m nipype.workflow  [0m|[34;20m [Node] Finished "conform", elapsed time 0.421974s.[0m
2026-03-26 22:36:35 |[34;20m INFO     [0m|[34;20m nipype.workflow  [0m|[34;20m [Node] Finished "conform", elapsed time 0.555436s.[0m
2026-03-26 22:36:35 |[34;20m INFO     [0m|[34;20m nipype.workflow  [0m|[34;20m [Node] Finished "conform", elapsed time 0.748978s.[0m
2026-03-26 22:36:36 |[34;20m INFO     [0m|[34;20m nipype.workflow  [0m|[34;20m [Node] Setting-up "mriqc_wf.anatMRIQC.synthstrip_wf.pre_clip" in "/local/nvme/ds005664_ts003.783806/ds/tmp/mriqc_wf/anatMRIQC/synthstrip_wf/5d48b37b57dde43c40f0f8e39a9a3b29e6b0f7b9/pre_clip".[0m
2026-03-26 22:36:36 |[34;20m INFO     [0m|[34;20m nipype.workflow  [0m|[34;20m [Node] Setting-up "mriqc_wf.anatMRIQC.synthstrip_wf.pre_clip" in "/local/nvme/ds005664_ts003.783806/ds/tmp/mriqc_wf/anatMRIQC/synthstrip_wf/101ff448bc807dc2d8caf163c7e26a7ac114b4f7/pre_clip".[0m
2026-03-26 22:36:36 |[34;20m INFO     [0m|[34;20m nipype.workflow  [0m|[34;20m [Node] Setting-up "mriqc_wf.anatMRIQC.AirMaskWorkflow.RotationMask" in "/local/nvme/ds005664_ts003.783806/ds/tmp/mriqc_wf/anatMRIQC/AirMaskWorkflow/5d48b37b57dde43c40f0f8e39a9a3b29e6b0f7b9/RotationMask".[0m
2026-03-26 22:36:36 |[34;20m INFO     [0m|[34;20m nipype.workflow  [0m|[34;20m [Node] Setting-up "mriqc_wf.anatMRIQC.AirMaskWorkflow.RotationMask" in "/local/nvme/ds005664_ts003.783806/ds/tmp/mriqc_wf/anatMRIQC/AirMaskWorkflow/101ff448bc807dc2d8caf163c7e26a7ac114b4f7/RotationMask".[0m
2026-03-26 22:36:36 |[34;20m INFO     [0m|[34;20m nipype.workflow  [0m|[34;20m [Node] Setting-up "mriqc_wf.anatMRIQC.anat_report_wf.PlotMosaicNoise" in "/local/nvme/ds005664_ts003.783806/ds/tmp/mriqc_wf/anatMRIQC/anat_report_wf/73f37850687a06c193ba0ea2d8d5e6146f773654/PlotMosaicNoise".[0m
2026-03-26 22:36:36 |[34;20m INFO     [0m|[34;20m nipype.workflow  [0m|[34;20m [Node] Setting-up "mriqc_wf.anatMRIQC.synthstrip_wf.pre_clip" in "/local/nvme/ds005664_ts003.783806/ds/tmp/mriqc_wf/anatMRIQC/synthstrip_wf/73f37850687a06c193ba0ea2d8d5e6146f773654/pre_clip".[0m
2026-03-26 22:36:36 |[34;20m INFO     [0m|[34;20m nipype.workflow  [0m|[34;20m [Node] Setting-up "mriqc_wf.anatMRIQC.AirMaskWorkflow.RotationMask" in "/local/nvme/ds005664_ts003.783806/ds/tmp/mriqc_wf/anatMRIQC/AirMaskWorkflow/73f37850687a06c193ba0ea2d8d5e6146f773654/RotationMask".[0m
2026-03-26 22:36:36 |[34;20m INFO     [0m|[34;20m nipype.workflow  [0m|[34;20m [Node] Setting-up "mriqc_wf.anatMRIQC.anat_report_wf.PlotMosaicNoise" in "/local/nvme/ds005664_ts003.783806/ds/tmp/mriqc_wf/anatMRIQC/anat_report_wf/5d48b37b57dde43c40f0f8e39a9a3b29e6b0f7b9/PlotMosaicNoise".[0m
2026-03-26 22:36:36 |[34;20m INFO     [0m|[34;20m nipype.workflow  [0m|[34;20m [Node] Executing "pre_clip" <niworkflows.interfaces.nibabel.IntensityClip>[0m
2026-03-26 22:36:36 |[34;20m INFO     [0m|[34;20m nipype.workflow  [0m|[34;20m [Node] Executing "pre_clip" <niworkflows.interfaces.nibabel.IntensityClip>[0m
2026-03-26 22:36:36 |[34;20m INFO     [0m|[34;20m nipype.workflow  [0m|[34;20m [Node] Executing "RotationMask" <mriqc.interfaces.anatomical.RotationMask>[0m
2026-03-26 22:36:36 |[34;20m INFO     [0m|[34;20m nipype.workflow  [0m|[34;20m [Node] Executing "PlotMosaicNoise" <nireports.interfaces.mosaic.PlotMosaic>[0m
2026-03-26 22:36:36 |[34;20m INFO     [0m|[34;20m nipype.workflow  [0m|[34;20m [Node] Executing "RotationMask" <mriqc.interfaces.anatomical.RotationMask>[0m
2026-03-26 22:36:36 |[34;20m INFO     [0m|[34;20m nipype.workflow  [0m|[34;20m [Node] Executing "RotationMask" <mriqc.interfaces.anatomical.RotationMask>[0m
2026-03-26 22:36:36 |[34;20m INFO     [0m|[34;20m nipype.workflow  [0m|[34;20m [Node] Executing "pre_clip" <niworkflows.interfaces.nibabel.IntensityClip>[0m
2026-03-26 22:36:36 |[34;20m INFO     [0m|[34;20m nipype.workflow  [0m|[34;20m [Node] Executing "PlotMosaicNoise" <nireports.interfaces.mosaic.PlotMosaic>[0m
2026-03-26 22:36:37 |[34;20m INFO     [0m|[34;20m nipype.workflow  [0m|[34;20m [Node] Finished "RotationMask", elapsed time 1.489337s.[0m
2026-03-26 22:36:38 |[34;20m INFO     [0m|[34;20m nipype.workflow  [0m|[34;20m [Node] Finished "RotationMask", elapsed time 1.6386509999999999s.[0m
2026-03-26 22:36:38 |[34;20m INFO     [0m|[34;20m nipype.workflow  [0m|[34;20m [Node] Finished "RotationMask", elapsed time 1.724786s.[0m
2026-03-26 22:36:38 |[34;20m INFO     [0m|[34;20m nipype.workflow  [0m|[34;20m [Node] Setting-up "mriqc_wf.anatMRIQC.anat_report_wf.PlotMosaicNoise" in "/local/nvme/ds005664_ts003.783806/ds/tmp/mriqc_wf/anatMRIQC/anat_report_wf/101ff448bc807dc2d8caf163c7e26a7ac114b4f7/PlotMosaicNoise".[0m
2026-03-26 22:36:38 |[34;20m INFO     [0m|[34;20m nipype.workflow  [0m|[34;20m [Node] Executing "PlotMosaicNoise" <nireports.interfaces.mosaic.PlotMosaic>[0m
2026-03-26 22:36:41 |[34;20m INFO     [0m|[34;20m nipype.workflow  [0m|[34;20m [Node] Finished "PlotMosaicNoise", elapsed time 5.088126s.[0m
2026-03-26 22:36:42 |[34;20m INFO     [0m|[34;20m nipype.workflow  [0m|[34;20m [Node] Setting-up "mriqc_wf.anatMRIQC.anat_report_wf.ds_report_background" in "/local/nvme/ds005664_ts003.783806/ds/tmp/mriqc_wf/anatMRIQC/anat_report_wf/5d48b37b57dde43c40f0f8e39a9a3b29e6b0f7b9/ds_report_background".[0m
2026-03-26 22:36:42 |[34;20m INFO     [0m|[34;20m nipype.workflow  [0m|[34;20m [Node] Executing "ds_report_background" <mriqc.interfaces.DerivativesDataSink>[0m
2026-03-26 22:36:42 |[34;20m INFO     [0m|[34;20m nipype.workflow  [0m|[34;20m [Node] Finished "ds_report_background", elapsed time 0.009327s.[0m
2026-03-26 22:36:43 |[34;20m INFO     [0m|[34;20m nipype.workflow  [0m|[34;20m [Node] Finished "PlotMosaicNoise", elapsed time 6.538501s.[0m
2026-03-26 22:36:44 |[34;20m INFO     [0m|[34;20m nipype.workflow  [0m|[34;20m [Node] Setting-up "mriqc_wf.anatMRIQC.anat_report_wf.ds_report_background" in "/local/nvme/ds005664_ts003.783806/ds/tmp/mriqc_wf/anatMRIQC/anat_report_wf/73f37850687a06c193ba0ea2d8d5e6146f773654/ds_report_background".[0m
2026-03-26 22:36:44 |[34;20m INFO     [0m|[34;20m nipype.workflow  [0m|[34;20m [Node] Executing "ds_report_background" <mriqc.interfaces.DerivativesDataSink>[0m
2026-03-26 22:36:44 |[34;20m INFO     [0m|[34;20m nipype.workflow  [0m|[34;20m [Node] Finished "ds_report_background", elapsed time 0.005044s.[0m
2026-03-26 22:36:45 |[34;20m INFO     [0m|[34;20m nipype.workflow  [0m|[34;20m [Node] Finished "PlotMosaicNoise", elapsed time 6.645288s.[0m
2026-03-26 22:36:46 |[34;20m INFO     [0m|[34;20m nipype.workflow  [0m|[34;20m [Node] Setting-up "mriqc_wf.anatMRIQC.anat_report_wf.ds_report_background" in "/local/nvme/ds005664_ts003.783806/ds/tmp/mriqc_wf/anatMRIQC/anat_report_wf/101ff448bc807dc2d8caf163c7e26a7ac114b4f7/ds_report_background".[0m
2026-03-26 22:36:46 |[34;20m INFO     [0m|[34;20m nipype.workflow  [0m|[34;20m [Node] Executing "ds_report_background" <mriqc.interfaces.DerivativesDataSink>[0m
2026-03-26 22:36:46 |[34;20m INFO     [0m|[34;20m nipype.workflow  [0m|[34;20m [Node] Finished "ds_report_background", elapsed time 0.004842s.[0m
2026-03-26 22:36:50 |[34;20m INFO     [0m|[34;20m nipype.workflow  [0m|[34;20m [Node] Finished "pre_clip", elapsed time 14.119272s.[0m
2026-03-26 22:36:51 |[34;20m INFO     [0m|[34;20m nipype.workflow  [0m|[34;20m [Node] Finished "pre_clip", elapsed time 15.460541s.[0m
2026-03-26 22:36:59 |[34;20m INFO     [0m|[34;20m nipype.workflow  [0m|[34;20m [Node] Finished "pre_clip", elapsed time 22.589152s.[0m
2026-03-26 22:37:00 |[34;20m INFO     [0m|[34;20m nipype.workflow  [0m|[34;20m [Node] Setting-up "mriqc_wf.anatMRIQC.synthstrip_wf.pre_n4" in "/local/nvme/ds005664_ts003.783806/ds/tmp/mriqc_wf/anatMRIQC/synthstrip_wf/5d48b37b57dde43c40f0f8e39a9a3b29e6b0f7b9/pre_n4".[0m
2026-03-26 22:37:00 |[34;20m INFO     [0m|[34;20m nipype.workflow  [0m|[34;20m [Node] Executing "pre_n4" <nipype.interfaces.ants.segmentation.N4BiasFieldCorrection>[0m
2026-03-26 22:37:19 |[34;20m INFO     [0m|[34;20m nipype.workflow  [0m|[34;20m [Node] Finished "pre_n4", elapsed time 18.965824s.[0m
2026-03-26 22:37:20 |[34;20m INFO     [0m|[34;20m nipype.workflow  [0m|[34;20m [Node] Setting-up "mriqc_wf.anatMRIQC.synthstrip_wf.pre_n4" in "/local/nvme/ds005664_ts003.783806/ds/tmp/mriqc_wf/anatMRIQC/synthstrip_wf/73f37850687a06c193ba0ea2d8d5e6146f773654/pre_n4".[0m
2026-03-26 22:37:20 |[34;20m INFO     [0m|[34;20m nipype.workflow  [0m|[34;20m [Node] Executing "pre_n4" <nipype.interfaces.ants.segmentation.N4BiasFieldCorrection>[0m
2026-03-26 22:37:54 |[34;20m INFO     [0m|[34;20m nipype.workflow  [0m|[34;20m [Node] Finished "pre_n4", elapsed time 33.405737s.[0m
2026-03-26 22:37:54 |[34;20m INFO     [0m|[34;20m nipype.workflow  [0m|[34;20m [Node] Setting-up "mriqc_wf.anatMRIQC.synthstrip_wf.pre_n4" in "/local/nvme/ds005664_ts003.783806/ds/tmp/mriqc_wf/anatMRIQC/synthstrip_wf/101ff448bc807dc2d8caf163c7e26a7ac114b4f7/pre_n4".[0m
2026-03-26 22:37:54 |[34;20m INFO     [0m|[34;20m nipype.workflow  [0m|[34;20m [Node] Executing "pre_n4" <nipype.interfaces.ants.segmentation.N4BiasFieldCorrection>[0m
2026-03-26 22:38:14 |[34;20m INFO     [0m|[34;20m nipype.workflow  [0m|[34;20m [Node] Finished "pre_n4", elapsed time 19.74809s.[0m
2026-03-26 22:38:16 |[34;20m INFO     [0m|[34;20m nipype.workflow  [0m|[34;20m [Node] Setting-up "mriqc_wf.anatMRIQC.synthstrip_wf.synthstrip" in "/local/nvme/ds005664_ts003.783806/ds/tmp/mriqc_wf/anatMRIQC/synthstrip_wf/5d48b37b57dde43c40f0f8e39a9a3b29e6b0f7b9/synthstrip".[0m
2026-03-26 22:38:16 |[34;20m INFO     [0m|[34;20m nipype.workflow  [0m|[34;20m [Node] Executing "synthstrip" <mriqc.interfaces.synthstrip.SynthStrip>[0m
2026-03-26 22:38:40 |[34;20m INFO     [0m|[34;20m nipype.workflow  [0m|[34;20m [Node] Finished "synthstrip", elapsed time 24.250056999999998s.[0m
2026-03-26 22:38:42 |[34;20m INFO     [0m|[34;20m nipype.workflow  [0m|[34;20m [Node] Setting-up "mriqc_wf.anatMRIQC.synthstrip_wf.synthstrip" in "/local/nvme/ds005664_ts003.783806/ds/tmp/mriqc_wf/anatMRIQC/synthstrip_wf/73f37850687a06c193ba0ea2d8d5e6146f773654/synthstrip".[0m
2026-03-26 22:38:42 |[34;20m INFO     [0m|[34;20m nipype.workflow  [0m|[34;20m [Node] Executing "synthstrip" <mriqc.interfaces.synthstrip.SynthStrip>[0m
2026-03-26 22:39:08 |[34;20m INFO     [0m|[34;20m nipype.workflow  [0m|[34;20m [Node] Finished "synthstrip", elapsed time 25.879539s.[0m
2026-03-26 22:39:08 |[34;20m INFO     [0m|[34;20m nipype.workflow  [0m|[34;20m [Node] Setting-up "mriqc_wf.anatMRIQC.synthstrip_wf.synthstrip" in "/local/nvme/ds005664_ts003.783806/ds/tmp/mriqc_wf/anatMRIQC/synthstrip_wf/101ff448bc807dc2d8caf163c7e26a7ac114b4f7/synthstrip".[0m
2026-03-26 22:39:08 |[34;20m INFO     [0m|[34;20m nipype.workflow  [0m|[34;20m [Node] Executing "synthstrip" <mriqc.interfaces.synthstrip.SynthStrip>[0m
2026-03-26 22:39:31 |[34;20m INFO     [0m|[34;20m nipype.workflow  [0m|[34;20m [Node] Finished "synthstrip", elapsed time 23.333855s.[0m
2026-03-26 22:39:32 |[34;20m INFO     [0m|[34;20m nipype.workflow  [0m|[34;20m [Node] Setting-up "mriqc_wf.anatMRIQC.synthstrip_wf.post_n4" in "/local/nvme/ds005664_ts003.783806/ds/tmp/mriqc_wf/anatMRIQC/synthstrip_wf/5d48b37b57dde43c40f0f8e39a9a3b29e6b0f7b9/post_n4".[0m
2026-03-26 22:39:32 |[34;20m INFO     [0m|[34;20m nipype.workflow  [0m|[34;20m [Node] Executing "post_n4" <nipype.interfaces.ants.segmentation.N4BiasFieldCorrection>[0m
2026-03-26 22:39:42 |[34;20m INFO     [0m|[34;20m nipype.workflow  [0m|[34;20m [Node] Finished "post_n4", elapsed time 9.625466s.[0m
2026-03-26 22:39:42 |[34;20m INFO     [0m|[34;20m nipype.workflow  [0m|[34;20m [Node] Setting-up "mriqc_wf.anatMRIQC.ComputeIQMs.smoothness" in "/local/nvme/ds005664_ts003.783806/ds/tmp/mriqc_wf/anatMRIQC/ComputeIQMs/73f37850687a06c193ba0ea2d8d5e6146f773654/smoothness".[0m
2026-03-26 22:39:42 |[34;20m INFO     [0m|[34;20m nipype.workflow  [0m|[34;20m [Node] Setting-up "mriqc_wf.anatMRIQC.anat_report_wf.PlotMosaicZoomed" in "/local/nvme/ds005664_ts003.783806/ds/tmp/mriqc_wf/anatMRIQC/anat_report_wf/5d48b37b57dde43c40f0f8e39a9a3b29e6b0f7b9/PlotMosaicZoomed".[0m
2026-03-26 22:39:42 |[34;20m INFO     [0m|[34;20m nipype.workflow  [0m|[34;20m [Node] Setting-up "mriqc_wf.anatMRIQC.anat_report_wf.PlotBrainmask" in "/local/nvme/ds005664_ts003.783806/ds/tmp/mriqc_wf/anatMRIQC/anat_report_wf/5d48b37b57dde43c40f0f8e39a9a3b29e6b0f7b9/PlotBrainmask".[0m
2026-03-26 22:39:42 |[34;20m INFO     [0m|[34;20m nipype.workflow  [0m|[34;20m [Node] Setting-up "mriqc_wf.anatMRIQC.anat_report_wf.PlotMosaicZoomed" in "/local/nvme/ds005664_ts003.783806/ds/tmp/mriqc_wf/anatMRIQC/anat_report_wf/101ff448bc807dc2d8caf163c7e26a7ac114b4f7/PlotMosaicZoomed".[0m
2026-03-26 22:39:42 |[34;20m INFO     [0m|[34;20m nipype.workflow  [0m|[34;20m [Node] Setting-up "mriqc_wf.anatMRIQC.anat_report_wf.PlotBrainmask" in "/local/nvme/ds005664_ts003.783806/ds/tmp/mriqc_wf/anatMRIQC/anat_report_wf/73f37850687a06c193ba0ea2d8d5e6146f773654/PlotBrainmask".[0m
2026-03-26 22:39:42 |[34;20m INFO     [0m|[34;20m nipype.workflow  [0m|[34;20m [Node] Setting-up "mriqc_wf.anatMRIQC.anat_report_wf.PlotMosaicZoomed" in "/local/nvme/ds005664_ts003.783806/ds/tmp/mriqc_wf/anatMRIQC/anat_report_wf/73f37850687a06c193ba0ea2d8d5e6146f773654/PlotMosaicZoomed".[0m
2026-03-26 22:39:42 |[34;20m INFO     [0m|[34;20m nipype.workflow  [0m|[34;20m [Node] Setting-up "mriqc_wf.anatMRIQC.ComputeIQMs.smoothness" in "/local/nvme/ds005664_ts003.783806/ds/tmp/mriqc_wf/anatMRIQC/ComputeIQMs/101ff448bc807dc2d8caf163c7e26a7ac114b4f7/smoothness".[0m
2026-03-26 22:39:42 |[34;20m INFO     [0m|[34;20m nipype.workflow  [0m|[34;20m [Node] Executing "PlotMosaicZoomed" <nireports.interfaces.mosaic.PlotMosaic>[0m
2026-03-26 22:39:42 |[34;20m INFO     [0m|[34;20m nipype.workflow  [0m|[34;20m [Node] Executing "PlotBrainmask" <nireports.interfaces.mosaic.PlotContours>[0m
2026-03-26 22:39:42 |[34;20m INFO     [0m|[34;20m nipype.workflow  [0m|[34;20m [Node] Executing "PlotMosaicZoomed" <nireports.interfaces.mosaic.PlotMosaic>[0m
2026-03-26 22:39:42 |[34;20m INFO     [0m|[34;20m nipype.workflow  [0m|[34;20m [Node] Executing "smoothness" <nipype.interfaces.afni.utils.FWHMx>[0m
2026-03-26 22:39:42 |[34;20m INFO     [0m|[34;20m nipype.workflow  [0m|[34;20m [Node] Executing "PlotMosaicZoomed" <nireports.interfaces.mosaic.PlotMosaic>[0m
2026-03-26 22:39:42 |[34;20m INFO     [0m|[34;20m nipype.workflow  [0m|[34;20m [Node] Executing "smoothness" <nipype.interfaces.afni.utils.FWHMx>[0m
2026-03-26 22:39:42 |[34;20m INFO     [0m|[34;20m nipype.workflow  [0m|[34;20m [Node] Executing "PlotBrainmask" <nireports.interfaces.mosaic.PlotContours>[0m
2026-03-26 22:39:42 |[34;20m INFO     [0m|[34;20m nipype.workflow  [0m|[34;20m [Node] Setting-up "mriqc_wf.anatMRIQC.ComputeIQMs.smoothness" in "/local/nvme/ds005664_ts003.783806/ds/tmp/mriqc_wf/anatMRIQC/ComputeIQMs/5d48b37b57dde43c40f0f8e39a9a3b29e6b0f7b9/smoothness".[0m
2026-03-26 22:39:42 |[34;20m INFO     [0m|[34;20m nipype.workflow  [0m|[34;20m [Node] Executing "smoothness" <nipype.interfaces.afni.utils.FWHMx>[0m
2026-03-26 22:39:45 |[34;20m INFO     [0m|[34;20m nipype.workflow  [0m|[34;20m [Node] Finished "PlotBrainmask", elapsed time 2.969376s.[0m
2026-03-26 22:39:46 |[34;20m INFO     [0m|[34;20m nipype.workflow  [0m|[34;20m [Node] Setting-up "mriqc_wf.anatMRIQC.anat_report_wf.PlotBrainmask" in "/local/nvme/ds005664_ts003.783806/ds/tmp/mriqc_wf/anatMRIQC/anat_report_wf/101ff448bc807dc2d8caf163c7e26a7ac114b4f7/PlotBrainmask".[0m
2026-03-26 22:39:46 |[34;20m INFO     [0m|[34;20m nipype.workflow  [0m|[34;20m [Node] Executing "PlotBrainmask" <nireports.interfaces.mosaic.PlotContours>[0m
2026-03-26 22:39:46 |[34;20m INFO     [0m|[34;20m nipype.workflow  [0m|[34;20m [Node] Finished "PlotBrainmask", elapsed time 4.154768s.[0m
2026-03-26 22:39:47 |[34;20m INFO     [0m|[34;20m nipype.workflow  [0m|[34;20m [Node] Finished "PlotMosaicZoomed", elapsed time 4.777176s.[0m
2026-03-26 22:39:47 |[34;20m INFO     [0m|[34;20m nipype.workflow  [0m|[34;20m [Node] Finished "PlotMosaicZoomed", elapsed time 5.043053s.[0m
2026-03-26 22:39:47 |[34;20m INFO     [0m|[34;20m nipype.workflow  [0m|[34;20m [Node] Finished "smoothness", elapsed time 5.055807s.[0m
2026-03-26 22:39:47 |[34;20m INFO     [0m|[34;20m nipype.workflow  [0m|[34;20m [Node] Finished "smoothness", elapsed time 5.159273s.[0m
2026-03-26 22:39:47 |[34;20m INFO     [0m|[34;20m nipype.workflow  [0m|[34;20m [Node] Finished "PlotMosaicZoomed", elapsed time 5.477781s.[0m
2026-03-26 22:39:48 |[34;20m INFO     [0m|[34;20m nipype.workflow  [0m|[34;20m [Node] Setting-up "mriqc_wf.anatMRIQC.anat_report_wf.ds_report_zoomed" in "/local/nvme/ds005664_ts003.783806/ds/tmp/mriqc_wf/anatMRIQC/anat_report_wf/5d48b37b57dde43c40f0f8e39a9a3b29e6b0f7b9/ds_report_zoomed".[0m
2026-03-26 22:39:48 |[34;20m INFO     [0m|[34;20m nipype.workflow  [0m|[34;20m [Node] Setting-up "mriqc_wf.anatMRIQC.synthstrip_wf.final_masked" in "/local/nvme/ds005664_ts003.783806/ds/tmp/mriqc_wf/anatMRIQC/synthstrip_wf/5d48b37b57dde43c40f0f8e39a9a3b29e6b0f7b9/final_masked".[0m
2026-03-26 22:39:48 |[34;20m INFO     [0m|[34;20m nipype.workflow  [0m|[34;20m [Node] Executing "final_masked" <niworkflows.interfaces.nibabel.ApplyMask>[0m
2026-03-26 22:39:48 |[34;20m INFO     [0m|[34;20m nipype.workflow  [0m|[34;20m [Node] Executing "ds_report_zoomed" <mriqc.interfaces.DerivativesDataSink>[0m
2026-03-26 22:39:48 |[34;20m INFO     [0m|[34;20m nipype.workflow  [0m|[34;20m [Node] Finished "ds_report_zoomed", elapsed time 0.00515s.[0m
2026-03-26 22:39:48 |[34;20m INFO     [0m|[34;20m nipype.workflow  [0m|[34;20m [Node] Setting-up "mriqc_wf.anatMRIQC.anat_report_wf.ds_report_bmask" in "/local/nvme/ds005664_ts003.783806/ds/tmp/mriqc_wf/anatMRIQC/anat_report_wf/5d48b37b57dde43c40f0f8e39a9a3b29e6b0f7b9/ds_report_bmask".[0m
2026-03-26 22:39:48 |[34;20m INFO     [0m|[34;20m nipype.workflow  [0m|[34;20m [Node] Executing "ds_report_bmask" <mriqc.interfaces.DerivativesDataSink>[0m
2026-03-26 22:39:48 |[34;20m INFO     [0m|[34;20m nipype.workflow  [0m|[34;20m [Node] Finished "ds_report_bmask", elapsed time 0.004891s.[0m
2026-03-26 22:39:48 |[34;20m INFO     [0m|[34;20m nipype.workflow  [0m|[34;20m [Node] Setting-up "mriqc_wf.anatMRIQC.anat_report_wf.ds_report_zoomed" in "/local/nvme/ds005664_ts003.783806/ds/tmp/mriqc_wf/anatMRIQC/anat_report_wf/73f37850687a06c193ba0ea2d8d5e6146f773654/ds_report_zoomed".[0m
2026-03-26 22:39:48 |[34;20m INFO     [0m|[34;20m nipype.workflow  [0m|[34;20m [Node] Executing "ds_report_zoomed" <mriqc.interfaces.DerivativesDataSink>[0m
2026-03-26 22:39:48 |[34;20m INFO     [0m|[34;20m nipype.workflow  [0m|[34;20m [Node] Finished "ds_report_zoomed", elapsed time 0.004953s.[0m
2026-03-26 22:39:48 |[34;20m INFO     [0m|[34;20m nipype.workflow  [0m|[34;20m [Node] Finished "final_masked", elapsed time 0.343282s.[0m
2026-03-26 22:39:48 |[34;20m INFO     [0m|[34;20m nipype.workflow  [0m|[34;20m [Node] Setting-up "mriqc_wf.anatMRIQC.anat_report_wf.ds_report_bmask" in "/local/nvme/ds005664_ts003.783806/ds/tmp/mriqc_wf/anatMRIQC/anat_report_wf/73f37850687a06c193ba0ea2d8d5e6146f773654/ds_report_bmask".[0m
2026-03-26 22:39:48 |[34;20m INFO     [0m|[34;20m nipype.workflow  [0m|[34;20m [Node] Executing "ds_report_bmask" <mriqc.interfaces.DerivativesDataSink>[0m
2026-03-26 22:39:48 |[34;20m INFO     [0m|[34;20m nipype.workflow  [0m|[34;20m [Node] Finished "ds_report_bmask", elapsed time 0.004894s.[0m
2026-03-26 22:39:48 |[34;20m INFO     [0m|[34;20m nipype.workflow  [0m|[34;20m [Node] Setting-up "mriqc_wf.anatMRIQC.anat_report_wf.ds_report_zoomed" in "/local/nvme/ds005664_ts003.783806/ds/tmp/mriqc_wf/anatMRIQC/anat_report_wf/101ff448bc807dc2d8caf163c7e26a7ac114b4f7/ds_report_zoomed".[0m
2026-03-26 22:39:48 |[34;20m INFO     [0m|[34;20m nipype.workflow  [0m|[34;20m [Node] Executing "ds_report_zoomed" <mriqc.interfaces.DerivativesDataSink>[0m
2026-03-26 22:39:48 |[34;20m INFO     [0m|[34;20m nipype.workflow  [0m|[34;20m [Node] Finished "ds_report_zoomed", elapsed time 0.004951s.[0m
2026-03-26 22:39:50 |[34;20m INFO     [0m|[34;20m nipype.workflow  [0m|[34;20m [Node] Finished "PlotBrainmask", elapsed time 4.316845s.[0m
2026-03-26 22:39:51 |[34;20m INFO     [0m|[34;20m nipype.workflow  [0m|[34;20m [Node] Finished "smoothness", elapsed time 9.270826s.[0m
2026-03-26 22:39:52 |[34;20m INFO     [0m|[34;20m nipype.workflow  [0m|[34;20m [Node] Setting-up "mriqc_wf.anatMRIQC.synthstrip_wf.post_n4" in "/local/nvme/ds005664_ts003.783806/ds/tmp/mriqc_wf/anatMRIQC/synthstrip_wf/73f37850687a06c193ba0ea2d8d5e6146f773654/post_n4".[0m
2026-03-26 22:39:52 |[34;20m INFO     [0m|[34;20m nipype.workflow  [0m|[34;20m [Node] Executing "post_n4" <nipype.interfaces.ants.segmentation.N4BiasFieldCorrection>[0m
2026-03-26 22:40:09 |[34;20m INFO     [0m|[34;20m nipype.workflow  [0m|[34;20m [Node] Finished "post_n4", elapsed time 17.123926s.[0m
2026-03-26 22:40:10 |[34;20m INFO     [0m|[34;20m nipype.workflow  [0m|[34;20m [Node] Setting-up "mriqc_wf.anatMRIQC.synthstrip_wf.post_n4" in "/local/nvme/ds005664_ts003.783806/ds/tmp/mriqc_wf/anatMRIQC/synthstrip_wf/101ff448bc807dc2d8caf163c7e26a7ac114b4f7/post_n4".[0m
2026-03-26 22:40:10 |[34;20m INFO     [0m|[34;20m nipype.workflow  [0m|[34;20m [Node] Executing "post_n4" <nipype.interfaces.ants.segmentation.N4BiasFieldCorrection>[0m
2026-03-26 22:40:20 |[34;20m INFO     [0m|[34;20m nipype.workflow  [0m|[34;20m [Node] Finished "post_n4", elapsed time 10.11647s.[0m
2026-03-26 22:40:22 |[34;20m INFO     [0m|[34;20m nipype.workflow  [0m|[34;20m [Node] Setting-up "mriqc_wf.anatMRIQC.SpatialNormalization.SpatialNormalization" in "/local/nvme/ds005664_ts003.783806/ds/tmp/mriqc_wf/anatMRIQC/SpatialNormalization/5d48b37b57dde43c40f0f8e39a9a3b29e6b0f7b9/SpatialNormalization".[0m
2026-03-26 22:40:22 |[34;20m INFO     [0m|[34;20m nipype.workflow  [0m|[34;20m [Node] Executing "SpatialNormalization" <niworkflows.interfaces.reportlets.registration.SpatialNormalizationRPT>[0m
2026-03-26 22:40:23 |[34;20m INFO     [0m|[34;20m niworkflows      [0m|[34;20m Estimating initial transform using AffineInitializer[0m
2026-03-26 22:40:34 |[34;20m INFO     [0m|[34;20m niworkflows      [0m|[34;20m Loading settings from file /opt/conda/lib/python3.11/site-packages/niworkflows/data/t1w-mni_registration_testing_000.json.[0m
2026-03-26 22:40:34 |[34;20m INFO     [0m|[34;20m niworkflows      [0m|[34;20m Retry #1, commandline: 
antsRegistration --collapse-output-transforms 1 --dimensionality 3 --float 0 --initial-moving-transform [ /local/nvme/ds005664_ts003.783806/ds/tmp/mriqc_wf/anatMRIQC/SpatialNormalization/5d48b37b57dde43c40f0f8e39a9a3b29e6b0f7b9/SpatialNormalization/transform.mat, 0 ] --initialize-transforms-per-stage 0 --interpolation LanczosWindowedSinc --output [ ants_t1_to_mni, ants_t1_to_mni_Warped.nii.gz ] --transform Rigid[ 1.0 ] --metric Mattes[ /local/nvme/ds005664_ts003.783806/ds/tmp/mriqc_wf/anatMRIQC/SpatialNormalization/5d48b37b57dde43c40f0f8e39a9a3b29e6b0f7b9/SpatialNormalization/fixed_masked.nii.gz, /local/nvme/ds005664_ts003.783806/ds/tmp/mriqc_wf/anatMRIQC/SpatialNormalization/5d48b37b57dde43c40f0f8e39a9a3b29e6b0f7b9/SpatialNormalization/moving_masked.nii.gz, 1, 56, Random, 0.2 ] --convergence [ 20, 1e-07, 15 ] --smoothing-sigmas 4.0vox --shrink-factors 2 --use-histogram-matching 0 --transform Affine[ 1.0 ] --metric Mattes[ /local/nvme/ds005664_ts003.783806/ds/tmp/mriqc_wf/anatMRIQC/SpatialNormalization/5d48b37b57dde43c40f0f8e39a9a3b29e6b0f7b9/SpatialNormalization/fixed_masked.nii.gz, /local/nvme/ds005664_ts003.783806/ds/tmp/mriqc_wf/anatMRIQC/SpatialNormalization/5d48b37b57dde43c40f0f8e39a9a3b29e6b0f7b9/SpatialNormalization/moving_masked.nii.gz, 1, 56, Random, 0.1 ] --convergence [ 15, 1e-08, 5 ] --smoothing-sigmas 2.0vox --shrink-factors 1 --use-histogram-matching 1 --winsorize-image-intensities [ 0.005, 0.995 ]  --write-composite-transform 1[0m
2026-03-26 22:40:38 |[34;20m INFO     [0m|[34;20m niworkflows      [0m|[34;20m Successful spatial normalization (retry #1).[0m
2026-03-26 22:40:39 |[34;20m INFO     [0m|[34;20m niworkflows      [0m|[34;20m Report - setting fixed (/local/nvme/ds005664_ts003.783806/ds/tmp/mriqc_wf/anatMRIQC/SpatialNormalization/5d48b37b57dde43c40f0f8e39a9a3b29e6b0f7b9/SpatialNormalization/fixed_masked.nii.gz) and moving (/local/nvme/ds005664_ts003.783806/ds/tmp/mriqc_wf/anatMRIQC/SpatialNormalization/5d48b37b57dde43c40f0f8e39a9a3b29e6b0f7b9/SpatialNormalization/ants_t1_to_mni_Warped.nii.gz) images[0m
2026-03-26 22:40:39 |[34;20m INFO     [0m|[34;20m niworkflows      [0m|[34;20m Generating visual report[0m
2026-03-26 22:40:55 |[34;20m INFO     [0m|[34;20m nipype.workflow  [0m|[34;20m [Node] Finished "SpatialNormalization", elapsed time 32.786101s.[0m
2026-03-26 22:40:56 |[34;20m INFO     [0m|[34;20m nipype.workflow  [0m|[34;20m [Node] Setting-up "mriqc_wf.anatMRIQC.anat_report_wf.ds_report_bmask" in "/local/nvme/ds005664_ts003.783806/ds/tmp/mriqc_wf/anatMRIQC/anat_report_wf/101ff448bc807dc2d8caf163c7e26a7ac114b4f7/ds_report_bmask".[0m
2026-03-26 22:40:56 |[34;20m INFO     [0m|[34;20m nipype.workflow  [0m|[34;20m [Node] Setting-up "mriqc_wf.anatMRIQC.synthstrip_wf.final_masked" in "/local/nvme/ds005664_ts003.783806/ds/tmp/mriqc_wf/anatMRIQC/synthstrip_wf/73f37850687a06c193ba0ea2d8d5e6146f773654/final_masked".[0m
2026-03-26 22:40:56 |[34;20m INFO     [0m|[34;20m nipype.workflow  [0m|[34;20m [Node] Setting-up "mriqc_wf.anatMRIQC.synthstrip_wf.final_masked" in "/local/nvme/ds005664_ts003.783806/ds/tmp/mriqc_wf/anatMRIQC/synthstrip_wf/101ff448bc807dc2d8caf163c7e26a7ac114b4f7/final_masked".[0m
2026-03-26 22:40:56 |[34;20m INFO     [0m|[34;20m nipype.workflow  [0m|[34;20m [Node] Executing "ds_report_bmask" <mriqc.interfaces.DerivativesDataSink>[0m
2026-03-26 22:40:56 |[34;20m INFO     [0m|[34;20m nipype.workflow  [0m|[34;20m [Node] Executing "final_masked" <niworkflows.interfaces.nibabel.ApplyMask>[0m
2026-03-26 22:40:56 |[34;20m INFO     [0m|[34;20m nipype.workflow  [0m|[34;20m [Node] Executing "final_masked" <niworkflows.interfaces.nibabel.ApplyMask>[0m
2026-03-26 22:40:56 |[34;20m INFO     [0m|[34;20m nipype.workflow  [0m|[34;20m [Node] Finished "ds_report_bmask", elapsed time 0.004718s.[0m
2026-03-26 22:40:56 |[34;20m INFO     [0m|[34;20m nipype.workflow  [0m|[34;20m [Node] Setting-up "mriqc_wf.anatMRIQC.anat_report_wf.ds_report_norm" in "/local/nvme/ds005664_ts003.783806/ds/tmp/mriqc_wf/anatMRIQC/anat_report_wf/5d48b37b57dde43c40f0f8e39a9a3b29e6b0f7b9/ds_report_norm".[0m
2026-03-26 22:40:56 |[34;20m INFO     [0m|[34;20m nipype.workflow  [0m|[34;20m [Node] Executing "ds_report_norm" <mriqc.interfaces.DerivativesDataSink>[0m
2026-03-26 22:40:56 |[34;20m INFO     [0m|[34;20m nipype.workflow  [0m|[34;20m [Node] Finished "ds_report_norm", elapsed time 0.00492s.[0m
2026-03-26 22:40:56 |[34;20m INFO     [0m|[34;20m nipype.workflow  [0m|[34;20m [Node] Finished "final_masked", elapsed time 0.395972s.[0m
2026-03-26 22:40:57 |[34;20m INFO     [0m|[34;20m nipype.workflow  [0m|[34;20m [Node] Finished "final_masked", elapsed time 0.549182s.[0m
2026-03-26 22:40:58 |[34;20m INFO     [0m|[34;20m nipype.workflow  [0m|[34;20m [Node] Setting-up "mriqc_wf.anatMRIQC.SpatialNormalization.SpatialNormalization" in "/local/nvme/ds005664_ts003.783806/ds/tmp/mriqc_wf/anatMRIQC/SpatialNormalization/73f37850687a06c193ba0ea2d8d5e6146f773654/SpatialNormalization".[0m
2026-03-26 22:40:58 |[34;20m INFO     [0m|[34;20m nipype.workflow  [0m|[34;20m [Node] Executing "SpatialNormalization" <niworkflows.interfaces.reportlets.registration.SpatialNormalizationRPT>[0m
2026-03-26 22:40:59 |[34;20m INFO     [0m|[34;20m niworkflows      [0m|[34;20m Estimating initial transform using AffineInitializer[0m
2026-03-26 22:41:12 |[34;20m INFO     [0m|[34;20m niworkflows      [0m|[34;20m Terminal outputs of initialization saved (/local/nvme/ds005664_ts003.783806/ds/tmp/mriqc_wf/anatMRIQC/SpatialNormalization/73f37850687a06c193ba0ea2d8d5e6146f773654/SpatialNormalization/stderr.nipype-init).[0m
2026-03-26 22:41:12 |[34;20m INFO     [0m|[34;20m niworkflows      [0m|[34;20m Loading settings from file /opt/conda/lib/python3.11/site-packages/niworkflows/data/t1w-mni_registration_testing_000.json.[0m
2026-03-26 22:41:12 |[34;20m INFO     [0m|[34;20m niworkflows      [0m|[34;20m Retry #1, commandline: 
antsRegistration --collapse-output-transforms 1 --dimensionality 3 --float 0 --initial-moving-transform [ /local/nvme/ds005664_ts003.783806/ds/tmp/mriqc_wf/anatMRIQC/SpatialNormalization/73f37850687a06c193ba0ea2d8d5e6146f773654/SpatialNormalization/transform.mat, 0 ] --initialize-transforms-per-stage 0 --interpolation LanczosWindowedSinc --output [ ants_t1_to_mni, ants_t1_to_mni_Warped.nii.gz ] --transform Rigid[ 1.0 ] --metric Mattes[ /local/nvme/ds005664_ts003.783806/ds/tmp/mriqc_wf/anatMRIQC/SpatialNormalization/73f37850687a06c193ba0ea2d8d5e6146f773654/SpatialNormalization/fixed_masked.nii.gz, /local/nvme/ds005664_ts003.783806/ds/tmp/mriqc_wf/anatMRIQC/SpatialNormalization/73f37850687a06c193ba0ea2d8d5e6146f773654/SpatialNormalization/moving_masked.nii.gz, 1, 56, Random, 0.2 ] --convergence [ 20, 1e-07, 15 ] --smoothing-sigmas 4.0vox --shrink-factors 2 --use-histogram-matching 0 --transform Affine[ 1.0 ] --metric Mattes[ /local/nvme/ds005664_ts003.783806/ds/tmp/mriqc_wf/anatMRIQC/SpatialNormalization/73f37850687a06c193ba0ea2d8d5e6146f773654/SpatialNormalization/fixed_masked.nii.gz, /local/nvme/ds005664_ts003.783806/ds/tmp/mriqc_wf/anatMRIQC/SpatialNormalization/73f37850687a06c193ba0ea2d8d5e6146f773654/SpatialNormalization/moving_masked.nii.gz, 1, 56, Random, 0.1 ] --convergence [ 15, 1e-08, 5 ] --smoothing-sigmas 2.0vox --shrink-factors 1 --use-histogram-matching 1 --winsorize-image-intensities [ 0.005, 0.995 ]  --write-composite-transform 1[0m
2026-03-26 22:41:17 |[34;20m INFO     [0m|[34;20m niworkflows      [0m|[34;20m Successful spatial normalization (retry #1).[0m
2026-03-26 22:41:18 |[34;20m INFO     [0m|[34;20m niworkflows      [0m|[34;20m Report - setting fixed (/local/nvme/ds005664_ts003.783806/ds/tmp/mriqc_wf/anatMRIQC/SpatialNormalization/73f37850687a06c193ba0ea2d8d5e6146f773654/SpatialNormalization/fixed_masked.nii.gz) and moving (/local/nvme/ds005664_ts003.783806/ds/tmp/mriqc_wf/anatMRIQC/SpatialNormalization/73f37850687a06c193ba0ea2d8d5e6146f773654/SpatialNormalization/ants_t1_to_mni_Warped.nii.gz) images[0m
2026-03-26 22:41:18 |[34;20m INFO     [0m|[34;20m niworkflows      [0m|[34;20m Generating visual report[0m
2026-03-26 22:41:33 |[34;20m INFO     [0m|[34;20m nipype.workflow  [0m|[34;20m [Node] Finished "SpatialNormalization", elapsed time 34.804717s.[0m
2026-03-26 22:41:34 |[34;20m INFO     [0m|[34;20m nipype.workflow  [0m|[34;20m [Node] Setting-up "mriqc_wf.anatMRIQC.SpatialNormalization.SpatialNormalization" in "/local/nvme/ds005664_ts003.783806/ds/tmp/mriqc_wf/anatMRIQC/SpatialNormalization/101ff448bc807dc2d8caf163c7e26a7ac114b4f7/SpatialNormalization".[0m
2026-03-26 22:41:34 |[34;20m INFO     [0m|[34;20m nipype.workflow  [0m|[34;20m [Node] Executing "SpatialNormalization" <niworkflows.interfaces.reportlets.registration.SpatialNormalizationRPT>[0m
2026-03-26 22:41:35 |[34;20m INFO     [0m|[34;20m niworkflows      [0m|[34;20m Estimating initial transform using AffineInitializer[0m
2026-03-26 22:41:46 |[34;20m INFO     [0m|[34;20m niworkflows      [0m|[34;20m Terminal outputs of initialization saved (/local/nvme/ds005664_ts003.783806/ds/tmp/mriqc_wf/anatMRIQC/SpatialNormalization/101ff448bc807dc2d8caf163c7e26a7ac114b4f7/SpatialNormalization/stderr.nipype-init).[0m
2026-03-26 22:41:46 |[34;20m INFO     [0m|[34;20m niworkflows      [0m|[34;20m Loading settings from file /opt/conda/lib/python3.11/site-packages/niworkflows/data/t1w-mni_registration_testing_000.json.[0m
2026-03-26 22:41:46 |[34;20m INFO     [0m|[34;20m niworkflows      [0m|[34;20m Retry #1, commandline: 
antsRegistration --collapse-output-transforms 1 --dimensionality 3 --float 0 --initial-moving-transform [ /local/nvme/ds005664_ts003.783806/ds/tmp/mriqc_wf/anatMRIQC/SpatialNormalization/101ff448bc807dc2d8caf163c7e26a7ac114b4f7/SpatialNormalization/transform.mat, 0 ] --initialize-transforms-per-stage 0 --interpolation LanczosWindowedSinc --output [ ants_t1_to_mni, ants_t1_to_mni_Warped.nii.gz ] --transform Rigid[ 1.0 ] --metric Mattes[ /local/nvme/ds005664_ts003.783806/ds/tmp/mriqc_wf/anatMRIQC/SpatialNormalization/101ff448bc807dc2d8caf163c7e26a7ac114b4f7/SpatialNormalization/fixed_masked.nii.gz, /local/nvme/ds005664_ts003.783806/ds/tmp/mriqc_wf/anatMRIQC/SpatialNormalization/101ff448bc807dc2d8caf163c7e26a7ac114b4f7/SpatialNormalization/moving_masked.nii.gz, 1, 56, Random, 0.2 ] --convergence [ 20, 1e-07, 15 ] --smoothing-sigmas 4.0vox --shrink-factors 2 --use-histogram-matching 0 --transform Affine[ 1.0 ] --metric Mattes[ /local/nvme/ds005664_ts003.783806/ds/tmp/mriqc_wf/anatMRIQC/SpatialNormalization/101ff448bc807dc2d8caf163c7e26a7ac114b4f7/SpatialNormalization/fixed_masked.nii.gz, /local/nvme/ds005664_ts003.783806/ds/tmp/mriqc_wf/anatMRIQC/SpatialNormalization/101ff448bc807dc2d8caf163c7e26a7ac114b4f7/SpatialNormalization/moving_masked.nii.gz, 1, 56, Random, 0.1 ] --convergence [ 15, 1e-08, 5 ] --smoothing-sigmas 2.0vox --shrink-factors 1 --use-histogram-matching 1 --winsorize-image-intensities [ 0.005, 0.995 ]  --write-composite-transform 1[0m
2026-03-26 22:41:50 |[34;20m INFO     [0m|[34;20m niworkflows      [0m|[34;20m Successful spatial normalization (retry #1).[0m
2026-03-26 22:41:51 |[34;20m INFO     [0m|[34;20m niworkflows      [0m|[34;20m Report - setting fixed (/local/nvme/ds005664_ts003.783806/ds/tmp/mriqc_wf/anatMRIQC/SpatialNormalization/101ff448bc807dc2d8caf163c7e26a7ac114b4f7/SpatialNormalization/fixed_masked.nii.gz) and moving (/local/nvme/ds005664_ts003.783806/ds/tmp/mriqc_wf/anatMRIQC/SpatialNormalization/101ff448bc807dc2d8caf163c7e26a7ac114b4f7/SpatialNormalization/ants_t1_to_mni_Warped.nii.gz) images[0m
2026-03-26 22:41:51 |[34;20m INFO     [0m|[34;20m niworkflows      [0m|[34;20m Generating visual report[0m
2026-03-26 22:42:06 |[34;20m INFO     [0m|[34;20m nipype.workflow  [0m|[34;20m [Node] Finished "SpatialNormalization", elapsed time 32.372941s.[0m
2026-03-26 22:42:08 |[34;20m INFO     [0m|[34;20m nipype.workflow  [0m|[34;20m [Node] Setting-up "mriqc_wf.anatMRIQC.anat_report_wf.ds_report_norm" in "/local/nvme/ds005664_ts003.783806/ds/tmp/mriqc_wf/anatMRIQC/anat_report_wf/73f37850687a06c193ba0ea2d8d5e6146f773654/ds_report_norm".[0m
2026-03-26 22:42:08 |[34;20m INFO     [0m|[34;20m nipype.workflow  [0m|[34;20m [Node] Executing "ds_report_norm" <mriqc.interfaces.DerivativesDataSink>[0m
2026-03-26 22:42:08 |[34;20m INFO     [0m|[34;20m nipype.workflow  [0m|[34;20m [Node] Finished "ds_report_norm", elapsed time 0.005131s.[0m
2026-03-26 22:42:08 |[34;20m INFO     [0m|[34;20m nipype.workflow  [0m|[34;20m [Node] Setting-up "mriqc_wf.anatMRIQC.anat_report_wf.ds_report_norm" in "/local/nvme/ds005664_ts003.783806/ds/tmp/mriqc_wf/anatMRIQC/anat_report_wf/101ff448bc807dc2d8caf163c7e26a7ac114b4f7/ds_report_norm".[0m
2026-03-26 22:42:08 |[34;20m INFO     [0m|[34;20m nipype.workflow  [0m|[34;20m [Node] Executing "ds_report_norm" <mriqc.interfaces.DerivativesDataSink>[0m
2026-03-26 22:42:08 |[34;20m INFO     [0m|[34;20m nipype.workflow  [0m|[34;20m [Node] Finished "ds_report_norm", elapsed time 0.004776s.[0m
2026-03-26 22:42:08 |[34;20m INFO     [0m|[34;20m nipype.workflow  [0m|[34;20m [Node] Setting-up "_tpms_std2t1w0" in "/local/nvme/ds005664_ts003.783806/ds/tmp/mriqc_wf/anatMRIQC/SpatialNormalization/5d48b37b57dde43c40f0f8e39a9a3b29e6b0f7b9/tpms_std2t1w/mapflow/_tpms_std2t1w0".[0m
2026-03-26 22:42:08 |[34;20m INFO     [0m|[34;20m nipype.workflow  [0m|[34;20m [Node] Setting-up "_tpms_std2t1w1" in "/local/nvme/ds005664_ts003.783806/ds/tmp/mriqc_wf/anatMRIQC/SpatialNormalization/5d48b37b57dde43c40f0f8e39a9a3b29e6b0f7b9/tpms_std2t1w/mapflow/_tpms_std2t1w1".[0m
2026-03-26 22:42:08 |[34;20m INFO     [0m|[34;20m nipype.workflow  [0m|[34;20m [Node] Executing "_tpms_std2t1w0" <niworkflows.interfaces.fixes.FixHeaderApplyTransforms>[0m
2026-03-26 22:42:08 |[34;20m INFO     [0m|[34;20m nipype.workflow  [0m|[34;20m [Node] Executing "_tpms_std2t1w1" <niworkflows.interfaces.fixes.FixHeaderApplyTransforms>[0m
2026-03-26 22:42:08 |[34;20m INFO     [0m|[34;20m nipype.workflow  [0m|[34;20m [Node] Setting-up "_tpms_std2t1w0" in "/local/nvme/ds005664_ts003.783806/ds/tmp/mriqc_wf/anatMRIQC/SpatialNormalization/73f37850687a06c193ba0ea2d8d5e6146f773654/tpms_std2t1w/mapflow/_tpms_std2t1w0".[0m
2026-03-26 22:42:08 |[34;20m INFO     [0m|[34;20m nipype.workflow  [0m|[34;20m [Node] Setting-up "_tpms_std2t1w1" in "/local/nvme/ds005664_ts003.783806/ds/tmp/mriqc_wf/anatMRIQC/SpatialNormalization/73f37850687a06c193ba0ea2d8d5e6146f773654/tpms_std2t1w/mapflow/_tpms_std2t1w1".[0m
2026-03-26 22:42:08 |[34;20m INFO     [0m|[34;20m nipype.workflow  [0m|[34;20m [Node] Setting-up "_tpms_std2t1w2" in "/local/nvme/ds005664_ts003.783806/ds/tmp/mriqc_wf/anatMRIQC/SpatialNormalization/73f37850687a06c193ba0ea2d8d5e6146f773654/tpms_std2t1w/mapflow/_tpms_std2t1w2".[0m
2026-03-26 22:42:08 |[34;20m INFO     [0m|[34;20m nipype.workflow  [0m|[34;20m [Node] Executing "_tpms_std2t1w0" <niworkflows.interfaces.fixes.FixHeaderApplyTransforms>[0m
2026-03-26 22:42:08 |[34;20m INFO     [0m|[34;20m nipype.workflow  [0m|[34;20m [Node] Executing "_tpms_std2t1w1" <niworkflows.interfaces.fixes.FixHeaderApplyTransforms>[0m
2026-03-26 22:42:08 |[34;20m INFO     [0m|[34;20m nipype.workflow  [0m|[34;20m [Node] Setting-up "_tpms_std2t1w2" in "/local/nvme/ds005664_ts003.783806/ds/tmp/mriqc_wf/anatMRIQC/SpatialNormalization/5d48b37b57dde43c40f0f8e39a9a3b29e6b0f7b9/tpms_std2t1w/mapflow/_tpms_std2t1w2".[0m
2026-03-26 22:42:08 |[34;20m INFO     [0m|[34;20m nipype.workflow  [0m|[34;20m [Node] Executing "_tpms_std2t1w2" <niworkflows.interfaces.fixes.FixHeaderApplyTransforms>[0m
2026-03-26 22:42:08 |[34;20m INFO     [0m|[34;20m nipype.workflow  [0m|[34;20m [Node] Executing "_tpms_std2t1w2" <niworkflows.interfaces.fixes.FixHeaderApplyTransforms>[0m
2026-03-26 22:42:10 |[34;20m INFO     [0m|[34;20m nipype.workflow  [0m|[34;20m [Node] Setting-up "_tpms_std2t1w0" in "/local/nvme/ds005664_ts003.783806/ds/tmp/mriqc_wf/anatMRIQC/SpatialNormalization/101ff448bc807dc2d8caf163c7e26a7ac114b4f7/tpms_std2t1w/mapflow/_tpms_std2t1w0".[0m
2026-03-26 22:42:10 |[34;20m INFO     [0m|[34;20m nipype.workflow  [0m|[34;20m [Node] Setting-up "_tpms_std2t1w1" in "/local/nvme/ds005664_ts003.783806/ds/tmp/mriqc_wf/anatMRIQC/SpatialNormalization/101ff448bc807dc2d8caf163c7e26a7ac114b4f7/tpms_std2t1w/mapflow/_tpms_std2t1w1".[0m
2026-03-26 22:42:10 |[34;20m INFO     [0m|[34;20m nipype.workflow  [0m|[34;20m [Node] Executing "_tpms_std2t1w0" <niworkflows.interfaces.fixes.FixHeaderApplyTransforms>[0m
2026-03-26 22:42:10 |[34;20m INFO     [0m|[34;20m nipype.workflow  [0m|[34;20m [Node] Executing "_tpms_std2t1w1" <niworkflows.interfaces.fixes.FixHeaderApplyTransforms>[0m
2026-03-26 22:42:17 |[34;20m INFO     [0m|[34;20m nipype.workflow  [0m|[34;20m [Node] Finished "_tpms_std2t1w0", elapsed time 8.41503s.[0m
2026-03-26 22:42:17 |[34;20m INFO     [0m|[34;20m nipype.workflow  [0m|[34;20m [Node] Finished "_tpms_std2t1w2", elapsed time 8.424308s.[0m
2026-03-26 22:42:17 |[34;20m INFO     [0m|[34;20m nipype.workflow  [0m|[34;20m [Node] Finished "_tpms_std2t1w1", elapsed time 8.480937s.[0m
2026-03-26 22:42:18 |[34;20m INFO     [0m|[34;20m nipype.workflow  [0m|[34;20m [Node] Setting-up "_tpms_std2t1w0" in "/local/nvme/ds005664_ts003.783806/ds/tmp/mriqc_wf/anatMRIQC/SpatialNormalization/5d48b37b57dde43c40f0f8e39a9a3b29e6b0f7b9/tpms_std2t1w/mapflow/_tpms_std2t1w0".[0m
2026-03-26 22:42:18 |[34;20m INFO     [0m|[34;20m nipype.workflow  [0m|[34;20m [Node] Setting-up "_tpms_std2t1w2" in "/local/nvme/ds005664_ts003.783806/ds/tmp/mriqc_wf/anatMRIQC/SpatialNormalization/101ff448bc807dc2d8caf163c7e26a7ac114b4f7/tpms_std2t1w/mapflow/_tpms_std2t1w2".[0m
2026-03-26 22:42:18 |[34;20m INFO     [0m|[34;20m nipype.workflow  [0m|[34;20m [Node] Cached "_tpms_std2t1w0" - collecting precomputed outputs[0m
2026-03-26 22:42:18 |[34;20m INFO     [0m|[34;20m nipype.workflow  [0m|[34;20m [Node] "_tpms_std2t1w0" found cached.[0m
2026-03-26 22:42:18 |[34;20m INFO     [0m|[34;20m nipype.workflow  [0m|[34;20m [Node] Setting-up "_tpms_std2t1w1" in "/local/nvme/ds005664_ts003.783806/ds/tmp/mriqc_wf/anatMRIQC/SpatialNormalization/5d48b37b57dde43c40f0f8e39a9a3b29e6b0f7b9/tpms_std2t1w/mapflow/_tpms_std2t1w1".[0m
2026-03-26 22:42:18 |[34;20m INFO     [0m|[34;20m nipype.workflow  [0m|[34;20m [Node] Executing "_tpms_std2t1w2" <niworkflows.interfaces.fixes.FixHeaderApplyTransforms>[0m
2026-03-26 22:42:18 |[34;20m INFO     [0m|[34;20m nipype.workflow  [0m|[34;20m [Node] Cached "_tpms_std2t1w1" - collecting precomputed outputs[0m
2026-03-26 22:42:18 |[34;20m INFO     [0m|[34;20m nipype.workflow  [0m|[34;20m [Node] "_tpms_std2t1w1" found cached.[0m
2026-03-26 22:42:18 |[34;20m INFO     [0m|[34;20m nipype.workflow  [0m|[34;20m [Node] Setting-up "_tpms_std2t1w2" in "/local/nvme/ds005664_ts003.783806/ds/tmp/mriqc_wf/anatMRIQC/SpatialNormalization/5d48b37b57dde43c40f0f8e39a9a3b29e6b0f7b9/tpms_std2t1w/mapflow/_tpms_std2t1w2".[0m
2026-03-26 22:42:18 |[34;20m INFO     [0m|[34;20m nipype.workflow  [0m|[34;20m [Node] Cached "_tpms_std2t1w2" - collecting precomputed outputs[0m
2026-03-26 22:42:18 |[34;20m INFO     [0m|[34;20m nipype.workflow  [0m|[34;20m [Node] "_tpms_std2t1w2" found cached.[0m
2026-03-26 22:42:19 |[34;20m INFO     [0m|[34;20m nipype.workflow  [0m|[34;20m [Node] Finished "_tpms_std2t1w0", elapsed time 8.66329s.[0m
2026-03-26 22:42:19 |[34;20m INFO     [0m|[34;20m nipype.workflow  [0m|[34;20m [Node] Finished "_tpms_std2t1w1", elapsed time 9.038918s.[0m
2026-03-26 22:42:20 |[34;20m INFO     [0m|[34;20m nipype.workflow  [0m|[34;20m [Node] Setting-up "mriqc_wf.anatMRIQC.brain_tissue_segmentation.format_tpm_names" in "/local/nvme/ds005664_ts003.783806/ds/tmp/mriqc_wf/anatMRIQC/brain_tissue_segmentation/5d48b37b57dde43c40f0f8e39a9a3b29e6b0f7b9/format_tpm_names".[0m
2026-03-26 22:42:20 |[34;20m INFO     [0m|[34;20m nipype.workflow  [0m|[34;20m [Node] Setting-up "mriqc_wf.anatMRIQC.HeadMaskWorkflow.Enhance" in "/local/nvme/ds005664_ts003.783806/ds/tmp/mriqc_wf/anatMRIQC/HeadMaskWorkflow/5d48b37b57dde43c40f0f8e39a9a3b29e6b0f7b9/Enhance".[0m
2026-03-26 22:42:20 |[34;20m INFO     [0m|[34;20m nipype.workflow  [0m|[34;20m [Node] Executing "format_tpm_names" <nipype.interfaces.utility.wrappers.Function>[0m
2026-03-26 22:42:20 |[34;20m INFO     [0m|[34;20m nipype.workflow  [0m|[34;20m [Node] Executing "Enhance" <nipype.interfaces.utility.wrappers.Function>[0m
2026-03-26 22:42:21 |[34;20m INFO     [0m|[34;20m nipype.workflow  [0m|[34;20m [Node] Finished "Enhance", elapsed time 0.809059s.[0m
2026-03-26 22:42:22 |[34;20m INFO     [0m|[34;20m nipype.workflow  [0m|[34;20m [Node] Finished "format_tpm_names", elapsed time 1.83647s.[0m
2026-03-26 22:42:22 |[34;20m INFO     [0m|[34;20m nipype.workflow  [0m|[34;20m [Node] Setting-up "mriqc_wf.anatMRIQC.HeadMaskWorkflow.Grad" in "/local/nvme/ds005664_ts003.783806/ds/tmp/mriqc_wf/anatMRIQC/HeadMaskWorkflow/5d48b37b57dde43c40f0f8e39a9a3b29e6b0f7b9/Grad".[0m
2026-03-26 22:42:22 |[34;20m INFO     [0m|[34;20m nipype.workflow  [0m|[34;20m [Node] Setting-up "mriqc_wf.anatMRIQC.HeadMaskWorkflow.apply_mask" in "/local/nvme/ds005664_ts003.783806/ds/tmp/mriqc_wf/anatMRIQC/HeadMaskWorkflow/5d48b37b57dde43c40f0f8e39a9a3b29e6b0f7b9/apply_mask".[0m
2026-03-26 22:42:22 |[34;20m INFO     [0m|[34;20m nipype.workflow  [0m|[34;20m [Node] Executing "Grad" <nipype.interfaces.utility.wrappers.Function>[0m
2026-03-26 22:42:22 |[34;20m INFO     [0m|[34;20m nipype.workflow  [0m|[34;20m [Node] Executing "apply_mask" <niworkflows.interfaces.nibabel.ApplyMask>[0m
2026-03-26 22:42:22 |[34;20m INFO     [0m|[34;20m nipype.workflow  [0m|[34;20m [Node] Finished "apply_mask", elapsed time 0.331366s.[0m
2026-03-26 22:42:23 |[34;20m INFO     [0m|[34;20m nipype.workflow  [0m|[34;20m [Node] Finished "_tpms_std2t1w2", elapsed time 14.970219s.[0m
2026-03-26 22:42:24 |[34;20m INFO     [0m|[34;20m nipype.workflow  [0m|[34;20m [Node] Finished "_tpms_std2t1w1", elapsed time 15.32331s.[0m
2026-03-26 22:42:24 |[34;20m INFO     [0m|[34;20m nipype.workflow  [0m|[34;20m [Node] Finished "_tpms_std2t1w0", elapsed time 15.875024s.[0m
2026-03-26 22:42:26 |[34;20m INFO     [0m|[34;20m nipype.workflow  [0m|[34;20m [Node] Setting-up "_tpms_std2t1w0" in "/local/nvme/ds005664_ts003.783806/ds/tmp/mriqc_wf/anatMRIQC/SpatialNormalization/73f37850687a06c193ba0ea2d8d5e6146f773654/tpms_std2t1w/mapflow/_tpms_std2t1w0".[0m
2026-03-26 22:42:26 |[34;20m INFO     [0m|[34;20m nipype.workflow  [0m|[34;20m [Node] Cached "_tpms_std2t1w0" - collecting precomputed outputs[0m
2026-03-26 22:42:26 |[34;20m INFO     [0m|[34;20m nipype.workflow  [0m|[34;20m [Node] "_tpms_std2t1w0" found cached.[0m
2026-03-26 22:42:26 |[34;20m INFO     [0m|[34;20m nipype.workflow  [0m|[34;20m [Node] Setting-up "_tpms_std2t1w1" in "/local/nvme/ds005664_ts003.783806/ds/tmp/mriqc_wf/anatMRIQC/SpatialNormalization/73f37850687a06c193ba0ea2d8d5e6146f773654/tpms_std2t1w/mapflow/_tpms_std2t1w1".[0m
2026-03-26 22:42:26 |[34;20m INFO     [0m|[34;20m nipype.workflow  [0m|[34;20m [Node] Cached "_tpms_std2t1w1" - collecting precomputed outputs[0m
2026-03-26 22:42:26 |[34;20m INFO     [0m|[34;20m nipype.workflow  [0m|[34;20m [Node] "_tpms_std2t1w1" found cached.[0m
2026-03-26 22:42:26 |[34;20m INFO     [0m|[34;20m nipype.workflow  [0m|[34;20m [Node] Setting-up "_tpms_std2t1w2" in "/local/nvme/ds005664_ts003.783806/ds/tmp/mriqc_wf/anatMRIQC/SpatialNormalization/73f37850687a06c193ba0ea2d8d5e6146f773654/tpms_std2t1w/mapflow/_tpms_std2t1w2".[0m
2026-03-26 22:42:26 |[34;20m INFO     [0m|[34;20m nipype.workflow  [0m|[34;20m [Node] Cached "_tpms_std2t1w2" - collecting precomputed outputs[0m
2026-03-26 22:42:26 |[34;20m INFO     [0m|[34;20m nipype.workflow  [0m|[34;20m [Node] "_tpms_std2t1w2" found cached.[0m
2026-03-26 22:42:27 |[34;20m INFO     [0m|[34;20m nipype.workflow  [0m|[34;20m [Node] Finished "_tpms_std2t1w2", elapsed time 8.699892s.[0m
2026-03-26 22:42:28 |[34;20m INFO     [0m|[34;20m nipype.workflow  [0m|[34;20m [Node] Finished "Grad", elapsed time 5.795963s.[0m
2026-03-26 22:42:28 |[34;20m INFO     [0m|[34;20m nipype.workflow  [0m|[34;20m [Node] Setting-up "mriqc_wf.anatMRIQC.HeadMaskWorkflow.Enhance" in "/local/nvme/ds005664_ts003.783806/ds/tmp/mriqc_wf/anatMRIQC/HeadMaskWorkflow/73f37850687a06c193ba0ea2d8d5e6146f773654/Enhance".[0m
2026-03-26 22:42:28 |[34;20m INFO     [0m|[34;20m nipype.workflow  [0m|[34;20m [Node] Setting-up "mriqc_wf.anatMRIQC.brain_tissue_segmentation.format_tpm_names" in "/local/nvme/ds005664_ts003.783806/ds/tmp/mriqc_wf/anatMRIQC/brain_tissue_segmentation/73f37850687a06c193ba0ea2d8d5e6146f773654/format_tpm_names".[0m
2026-03-26 22:42:28 |[34;20m INFO     [0m|[34;20m nipype.workflow  [0m|[34;20m [Node] Setting-up "mriqc_wf.anatMRIQC.HeadMaskWorkflow.GradientThreshold" in "/local/nvme/ds005664_ts003.783806/ds/tmp/mriqc_wf/anatMRIQC/HeadMaskWorkflow/5d48b37b57dde43c40f0f8e39a9a3b29e6b0f7b9/GradientThreshold".[0m
2026-03-26 22:42:28 |[34;20m INFO     [0m|[34;20m nipype.workflow  [0m|[34;20m [Node] Executing "format_tpm_names" <nipype.interfaces.utility.wrappers.Function>[0m
2026-03-26 22:42:28 |[34;20m INFO     [0m|[34;20m nipype.workflow  [0m|[34;20m [Node] Executing "GradientThreshold" <nipype.interfaces.utility.wrappers.Function>[0m
2026-03-26 22:42:28 |[34;20m INFO     [0m|[34;20m nipype.workflow  [0m|[34;20m [Node] Executing "Enhance" <nipype.interfaces.utility.wrappers.Function>[0m
2026-03-26 22:42:28 |[34;20m INFO     [0m|[34;20m nipype.workflow  [0m|[34;20m [Node] Setting-up "_tpms_std2t1w0" in "/local/nvme/ds005664_ts003.783806/ds/tmp/mriqc_wf/anatMRIQC/SpatialNormalization/101ff448bc807dc2d8caf163c7e26a7ac114b4f7/tpms_std2t1w/mapflow/_tpms_std2t1w0".[0m
2026-03-26 22:42:28 |[34;20m INFO     [0m|[34;20m nipype.workflow  [0m|[34;20m [Node] Cached "_tpms_std2t1w0" - collecting precomputed outputs[0m
2026-03-26 22:42:28 |[34;20m INFO     [0m|[34;20m nipype.workflow  [0m|[34;20m [Node] "_tpms_std2t1w0" found cached.[0m
2026-03-26 22:42:28 |[34;20m INFO     [0m|[34;20m nipype.workflow  [0m|[34;20m [Node] Setting-up "_tpms_std2t1w1" in "/local/nvme/ds005664_ts003.783806/ds/tmp/mriqc_wf/anatMRIQC/SpatialNormalization/101ff448bc807dc2d8caf163c7e26a7ac114b4f7/tpms_std2t1w/mapflow/_tpms_std2t1w1".[0m
2026-03-26 22:42:28 |[34;20m INFO     [0m|[34;20m nipype.workflow  [0m|[34;20m [Node] Cached "_tpms_std2t1w1" - collecting precomputed outputs[0m
2026-03-26 22:42:28 |[34;20m INFO     [0m|[34;20m nipype.workflow  [0m|[34;20m [Node] "_tpms_std2t1w1" found cached.[0m
2026-03-26 22:42:28 |[34;20m INFO     [0m|[34;20m nipype.workflow  [0m|[34;20m [Node] Setting-up "_tpms_std2t1w2" in "/local/nvme/ds005664_ts003.783806/ds/tmp/mriqc_wf/anatMRIQC/SpatialNormalization/101ff448bc807dc2d8caf163c7e26a7ac114b4f7/tpms_std2t1w/mapflow/_tpms_std2t1w2".[0m
2026-03-26 22:42:28 |[34;20m INFO     [0m|[34;20m nipype.workflow  [0m|[34;20m [Node] Cached "_tpms_std2t1w2" - collecting precomputed outputs[0m
2026-03-26 22:42:28 |[34;20m INFO     [0m|[34;20m nipype.workflow  [0m|[34;20m [Node] "_tpms_std2t1w2" found cached.[0m
2026-03-26 22:42:29 |[34;20m INFO     [0m|[34;20m nipype.workflow  [0m|[34;20m [Node] Finished "Enhance", elapsed time 1.267329s.[0m
2026-03-26 22:42:30 |[34;20m INFO     [0m|[34;20m nipype.workflow  [0m|[34;20m [Node] Setting-up "mriqc_wf.anatMRIQC.brain_tissue_segmentation.format_tpm_names" in "/local/nvme/ds005664_ts003.783806/ds/tmp/mriqc_wf/anatMRIQC/brain_tissue_segmentation/101ff448bc807dc2d8caf163c7e26a7ac114b4f7/format_tpm_names".[0m
2026-03-26 22:42:30 |[34;20m INFO     [0m|[34;20m nipype.workflow  [0m|[34;20m [Node] Setting-up "mriqc_wf.anatMRIQC.HeadMaskWorkflow.apply_mask" in "/local/nvme/ds005664_ts003.783806/ds/tmp/mriqc_wf/anatMRIQC/HeadMaskWorkflow/73f37850687a06c193ba0ea2d8d5e6146f773654/apply_mask".[0m
2026-03-26 22:42:30 |[34;20m INFO     [0m|[34;20m nipype.workflow  [0m|[34;20m [Node] Setting-up "mriqc_wf.anatMRIQC.HeadMaskWorkflow.Grad" in "/local/nvme/ds005664_ts003.783806/ds/tmp/mriqc_wf/anatMRIQC/HeadMaskWorkflow/73f37850687a06c193ba0ea2d8d5e6146f773654/Grad".[0m
2026-03-26 22:42:30 |[34;20m INFO     [0m|[34;20m nipype.workflow  [0m|[34;20m [Node] Executing "format_tpm_names" <nipype.interfaces.utility.wrappers.Function>[0m
2026-03-26 22:42:30 |[34;20m INFO     [0m|[34;20m nipype.workflow  [0m|[34;20m [Node] Executing "apply_mask" <niworkflows.interfaces.nibabel.ApplyMask>[0m
2026-03-26 22:42:30 |[34;20m INFO     [0m|[34;20m nipype.workflow  [0m|[34;20m [Node] Setting-up "mriqc_wf.anatMRIQC.HeadMaskWorkflow.Enhance" in "/local/nvme/ds005664_ts003.783806/ds/tmp/mriqc_wf/anatMRIQC/HeadMaskWorkflow/101ff448bc807dc2d8caf163c7e26a7ac114b4f7/Enhance".[0m
2026-03-26 22:42:30 |[34;20m INFO     [0m|[34;20m nipype.workflow  [0m|[34;20m [Node] Executing "Grad" <nipype.interfaces.utility.wrappers.Function>[0m
2026-03-26 22:42:30 |[34;20m INFO     [0m|[34;20m nipype.workflow  [0m|[34;20m [Node] Executing "Enhance" <nipype.interfaces.utility.wrappers.Function>[0m
2026-03-26 22:42:31 |[34;20m INFO     [0m|[34;20m nipype.workflow  [0m|[34;20m [Node] Finished "apply_mask", elapsed time 0.580812s.[0m
2026-03-26 22:42:31 |[34;20m INFO     [0m|[34;20m nipype.workflow  [0m|[34;20m [Node] Finished "Enhance", elapsed time 1.140912s.[0m
2026-03-26 22:42:31 |[34;20m INFO     [0m|[34;20m nipype.workflow  [0m|[34;20m [Node] Finished "format_tpm_names", elapsed time 3.485859s.[0m
2026-03-26 22:42:32 |[34;20m INFO     [0m|[34;20m nipype.workflow  [0m|[34;20m [Node] Finished "format_tpm_names", elapsed time 1.8709259999999999s.[0m
2026-03-26 22:42:32 |[34;20m INFO     [0m|[34;20m nipype.workflow  [0m|[34;20m [Node] Setting-up "mriqc_wf.anatMRIQC.HeadMaskWorkflow.Grad" in "/local/nvme/ds005664_ts003.783806/ds/tmp/mriqc_wf/anatMRIQC/HeadMaskWorkflow/101ff448bc807dc2d8caf163c7e26a7ac114b4f7/Grad".[0m
2026-03-26 22:42:32 |[34;20m INFO     [0m|[34;20m nipype.workflow  [0m|[34;20m [Node] Setting-up "mriqc_wf.anatMRIQC.HeadMaskWorkflow.apply_mask" in "/local/nvme/ds005664_ts003.783806/ds/tmp/mriqc_wf/anatMRIQC/HeadMaskWorkflow/101ff448bc807dc2d8caf163c7e26a7ac114b4f7/apply_mask".[0m
2026-03-26 22:42:32 |[34;20m INFO     [0m|[34;20m nipype.workflow  [0m|[34;20m [Node] Executing "Grad" <nipype.interfaces.utility.wrappers.Function>[0m
2026-03-26 22:42:32 |[34;20m INFO     [0m|[34;20m nipype.workflow  [0m|[34;20m [Node] Executing "apply_mask" <niworkflows.interfaces.nibabel.ApplyMask>[0m
2026-03-26 22:42:32 |[34;20m INFO     [0m|[34;20m nipype.workflow  [0m|[34;20m [Node] Finished "apply_mask", elapsed time 0.377387s.[0m
2026-03-26 22:42:35 |[34;20m INFO     [0m|[34;20m nipype.workflow  [0m|[34;20m [Node] Finished "Grad", elapsed time 4.8173829999999995s.[0m
2026-03-26 22:42:36 |[34;20m INFO     [0m|[34;20m nipype.workflow  [0m|[34;20m [Node] Setting-up "mriqc_wf.anatMRIQC.HeadMaskWorkflow.GradientThreshold" in "/local/nvme/ds005664_ts003.783806/ds/tmp/mriqc_wf/anatMRIQC/HeadMaskWorkflow/73f37850687a06c193ba0ea2d8d5e6146f773654/GradientThreshold".[0m
2026-03-26 22:42:36 |[34;20m INFO     [0m|[34;20m nipype.workflow  [0m|[34;20m [Node] Executing "GradientThreshold" <nipype.interfaces.utility.wrappers.Function>[0m
2026-03-26 22:42:38 |[34;20m INFO     [0m|[34;20m nipype.workflow  [0m|[34;20m [Node] Finished "Grad", elapsed time 6.298205s.[0m
2026-03-26 22:42:40 |[34;20m INFO     [0m|[34;20m nipype.workflow  [0m|[34;20m [Node] Setting-up "mriqc_wf.anatMRIQC.HeadMaskWorkflow.GradientThreshold" in "/local/nvme/ds005664_ts003.783806/ds/tmp/mriqc_wf/anatMRIQC/HeadMaskWorkflow/101ff448bc807dc2d8caf163c7e26a7ac114b4f7/GradientThreshold".[0m
2026-03-26 22:42:40 |[34;20m INFO     [0m|[34;20m nipype.workflow  [0m|[34;20m [Node] Executing "GradientThreshold" <nipype.interfaces.utility.wrappers.Function>[0m
2026-03-26 22:42:40 |[34;20m INFO     [0m|[34;20m nipype.workflow  [0m|[34;20m [Node] Finished "GradientThreshold", elapsed time 12.464844s.[0m
2026-03-26 22:42:42 |[34;20m INFO     [0m|[34;20m nipype.workflow  [0m|[34;20m [Node] Setting-up "mriqc_wf.anatMRIQC.AirMaskWorkflow.ArtifactMask" in "/local/nvme/ds005664_ts003.783806/ds/tmp/mriqc_wf/anatMRIQC/AirMaskWorkflow/5d48b37b57dde43c40f0f8e39a9a3b29e6b0f7b9/ArtifactMask".[0m
2026-03-26 22:42:42 |[34;20m INFO     [0m|[34;20m nipype.workflow  [0m|[34;20m [Node] Setting-up "mriqc_wf.anatMRIQC.anat_report_wf.PlotHeadmask" in "/local/nvme/ds005664_ts003.783806/ds/tmp/mriqc_wf/anatMRIQC/anat_report_wf/5d48b37b57dde43c40f0f8e39a9a3b29e6b0f7b9/PlotHeadmask".[0m
2026-03-26 22:42:42 |[34;20m INFO     [0m|[34;20m nipype.workflow  [0m|[34;20m [Node] Executing "PlotHeadmask" <nireports.interfaces.mosaic.PlotContours>[0m
2026-03-26 22:42:42 |[34;20m INFO     [0m|[34;20m nipype.workflow  [0m|[34;20m [Node] Executing "ArtifactMask" <mriqc.interfaces.anatomical.ArtifactMask>[0m
2026-03-26 22:42:45 |[34;20m INFO     [0m|[34;20m nipype.workflow  [0m|[34;20m [Node] Finished "PlotHeadmask", elapsed time 2.5738659999999998s.[0m
2026-03-26 22:42:46 |[34;20m INFO     [0m|[34;20m nipype.workflow  [0m|[34;20m [Node] Setting-up "mriqc_wf.anatMRIQC.anat_report_wf.ds_report_headmask" in "/local/nvme/ds005664_ts003.783806/ds/tmp/mriqc_wf/anatMRIQC/anat_report_wf/5d48b37b57dde43c40f0f8e39a9a3b29e6b0f7b9/ds_report_headmask".[0m
2026-03-26 22:42:46 |[34;20m INFO     [0m|[34;20m nipype.workflow  [0m|[34;20m [Node] Executing "ds_report_headmask" <mriqc.interfaces.DerivativesDataSink>[0m
2026-03-26 22:42:46 |[34;20m INFO     [0m|[34;20m nipype.workflow  [0m|[34;20m [Node] Finished "ds_report_headmask", elapsed time 0.005124s.[0m
2026-03-26 22:42:47 |[34;20m INFO     [0m|[34;20m nipype.workflow  [0m|[34;20m [Node] Finished "ArtifactMask", elapsed time 5.409861s.[0m
2026-03-26 22:42:48 |[34;20m INFO     [0m|[34;20m nipype.workflow  [0m|[34;20m [Node] Setting-up "mriqc_wf.anatMRIQC.ComputeIQMs.provenance" in "/local/nvme/ds005664_ts003.783806/ds/tmp/mriqc_wf/anatMRIQC/ComputeIQMs/5d48b37b57dde43c40f0f8e39a9a3b29e6b0f7b9/provenance".[0m
2026-03-26 22:42:48 |[34;20m INFO     [0m|[34;20m nipype.workflow  [0m|[34;20m [Node] Executing "provenance" <mriqc.interfaces.reports.AddProvenance>[0m
2026-03-26 22:42:48 |[34;20m INFO     [0m|[34;20m nipype.workflow  [0m|[34;20m [Node] Finished "provenance", elapsed time 0.073858s.[0m
2026-03-26 22:42:48 |[34;20m INFO     [0m|[34;20m nipype.workflow  [0m|[34;20m [Node] Setting-up "mriqc_wf.anatMRIQC.ComputeIQMs.ComputeQI2" in "/local/nvme/ds005664_ts003.783806/ds/tmp/mriqc_wf/anatMRIQC/ComputeIQMs/5d48b37b57dde43c40f0f8e39a9a3b29e6b0f7b9/ComputeQI2".[0m
2026-03-26 22:42:48 |[34;20m INFO     [0m|[34;20m nipype.workflow  [0m|[34;20m [Node] Setting-up "mriqc_wf.anatMRIQC.anat_report_wf.PlotAirmask" in "/local/nvme/ds005664_ts003.783806/ds/tmp/mriqc_wf/anatMRIQC/anat_report_wf/5d48b37b57dde43c40f0f8e39a9a3b29e6b0f7b9/PlotAirmask".[0m
2026-03-26 22:42:48 |[34;20m INFO     [0m|[34;20m nipype.workflow  [0m|[34;20m [Node] Setting-up "mriqc_wf.anatMRIQC.anat_report_wf.PlotArtmask" in "/local/nvme/ds005664_ts003.783806/ds/tmp/mriqc_wf/anatMRIQC/anat_report_wf/5d48b37b57dde43c40f0f8e39a9a3b29e6b0f7b9/PlotArtmask".[0m
2026-03-26 22:42:48 |[34;20m INFO     [0m|[34;20m nipype.workflow  [0m|[34;20m [Node] Executing "ComputeQI2" <mriqc.interfaces.anatomical.ComputeQI2>[0m
2026-03-26 22:42:48 |[34;20m INFO     [0m|[34;20m nipype.workflow  [0m|[34;20m [Node] Executing "PlotAirmask" <nireports.interfaces.mosaic.PlotContours>[0m
2026-03-26 22:42:48 |[34;20m INFO     [0m|[34;20m nipype.workflow  [0m|[34;20m [Node] Executing "PlotArtmask" <nireports.interfaces.mosaic.PlotContours>[0m
2026-03-26 22:42:51 |[34;20m INFO     [0m|[34;20m nipype.workflow  [0m|[34;20m [Node] Finished "PlotArtmask", elapsed time 2.716811s.[0m
2026-03-26 22:42:51 |[34;20m INFO     [0m|[34;20m nipype.workflow  [0m|[34;20m [Node] Finished "PlotAirmask", elapsed time 2.751384s.[0m
2026-03-26 22:42:52 |[34;20m INFO     [0m|[34;20m nipype.workflow  [0m|[34;20m [Node] Setting-up "mriqc_wf.anatMRIQC.anat_report_wf.ds_report_airmask" in "/local/nvme/ds005664_ts003.783806/ds/tmp/mriqc_wf/anatMRIQC/anat_report_wf/5d48b37b57dde43c40f0f8e39a9a3b29e6b0f7b9/ds_report_airmask".[0m
2026-03-26 22:42:52 |[34;20m INFO     [0m|[34;20m nipype.workflow  [0m|[34;20m [Node] Executing "ds_report_airmask" <mriqc.interfaces.DerivativesDataSink>[0m
2026-03-26 22:42:52 |[34;20m INFO     [0m|[34;20m nipype.workflow  [0m|[34;20m [Node] Finished "ds_report_airmask", elapsed time 0.004828s.[0m
2026-03-26 22:42:52 |[34;20m INFO     [0m|[34;20m nipype.workflow  [0m|[34;20m [Node] Setting-up "mriqc_wf.anatMRIQC.anat_report_wf.ds_report_artmask" in "/local/nvme/ds005664_ts003.783806/ds/tmp/mriqc_wf/anatMRIQC/anat_report_wf/5d48b37b57dde43c40f0f8e39a9a3b29e6b0f7b9/ds_report_artmask".[0m
2026-03-26 22:42:52 |[34;20m INFO     [0m|[34;20m nipype.workflow  [0m|[34;20m [Node] Executing "ds_report_artmask" <mriqc.interfaces.DerivativesDataSink>[0m
2026-03-26 22:42:52 |[34;20m INFO     [0m|[34;20m nipype.workflow  [0m|[34;20m [Node] Finished "ds_report_artmask", elapsed time 0.004855s.[0m
2026-03-26 22:42:53 |[34;20m INFO     [0m|[34;20m nipype.workflow  [0m|[34;20m [Node] Finished "GradientThreshold", elapsed time 13.042267s.[0m
2026-03-26 22:42:54 |[34;20m INFO     [0m|[34;20m nipype.workflow  [0m|[34;20m [Node] Setting-up "mriqc_wf.anatMRIQC.anat_report_wf.PlotHeadmask" in "/local/nvme/ds005664_ts003.783806/ds/tmp/mriqc_wf/anatMRIQC/anat_report_wf/101ff448bc807dc2d8caf163c7e26a7ac114b4f7/PlotHeadmask".[0m
2026-03-26 22:42:54 |[34;20m INFO     [0m|[34;20m nipype.workflow  [0m|[34;20m [Node] Executing "PlotHeadmask" <nireports.interfaces.mosaic.PlotContours>[0m
2026-03-26 22:42:54 |[34;20m INFO     [0m|[34;20m nipype.workflow  [0m|[34;20m [Node] Setting-up "mriqc_wf.anatMRIQC.AirMaskWorkflow.ArtifactMask" in "/local/nvme/ds005664_ts003.783806/ds/tmp/mriqc_wf/anatMRIQC/AirMaskWorkflow/101ff448bc807dc2d8caf163c7e26a7ac114b4f7/ArtifactMask".[0m
2026-03-26 22:42:54 |[34;20m INFO     [0m|[34;20m nipype.workflow  [0m|[34;20m [Node] Executing "ArtifactMask" <mriqc.interfaces.anatomical.ArtifactMask>[0m
2026-03-26 22:42:58 |[34;20m INFO     [0m|[34;20m nipype.workflow  [0m|[34;20m [Node] Finished "PlotHeadmask", elapsed time 3.898507s.[0m
2026-03-26 22:42:59 |[34;20m INFO     [0m|[34;20m nipype.workflow  [0m|[34;20m [Node] Finished "ComputeQI2", elapsed time 11.117959s.[0m
2026-03-26 22:43:00 |[34;20m INFO     [0m|[34;20m nipype.workflow  [0m|[34;20m [Node] Finished "ArtifactMask", elapsed time 5.680833s.[0m
2026-03-26 22:43:00 |[34;20m INFO     [0m|[34;20m nipype.workflow  [0m|[34;20m [Node] Setting-up "mriqc_wf.anatMRIQC.ComputeIQMs.provenance" in "/local/nvme/ds005664_ts003.783806/ds/tmp/mriqc_wf/anatMRIQC/ComputeIQMs/101ff448bc807dc2d8caf163c7e26a7ac114b4f7/provenance".[0m
2026-03-26 22:43:00 |[34;20m INFO     [0m|[34;20m nipype.workflow  [0m|[34;20m [Node] Executing "provenance" <mriqc.interfaces.reports.AddProvenance>[0m
2026-03-26 22:43:00 |[34;20m INFO     [0m|[34;20m nipype.workflow  [0m|[34;20m [Node] Finished "provenance", elapsed time 0.061987s.[0m
2026-03-26 22:43:00 |[34;20m INFO     [0m|[34;20m nipype.workflow  [0m|[34;20m [Node] Setting-up "mriqc_wf.anatMRIQC.anat_report_wf.ds_report_headmask" in "/local/nvme/ds005664_ts003.783806/ds/tmp/mriqc_wf/anatMRIQC/anat_report_wf/101ff448bc807dc2d8caf163c7e26a7ac114b4f7/ds_report_headmask".[0m
2026-03-26 22:43:00 |[34;20m INFO     [0m|[34;20m nipype.workflow  [0m|[34;20m [Node] Setting-up "mriqc_wf.anatMRIQC.anat_report_wf.PlotAirmask" in "/local/nvme/ds005664_ts003.783806/ds/tmp/mriqc_wf/anatMRIQC/anat_report_wf/101ff448bc807dc2d8caf163c7e26a7ac114b4f7/PlotAirmask".[0m
2026-03-26 22:43:00 |[34;20m INFO     [0m|[34;20m nipype.workflow  [0m|[34;20m [Node] Setting-up "mriqc_wf.anatMRIQC.anat_report_wf.PlotArtmask" in "/local/nvme/ds005664_ts003.783806/ds/tmp/mriqc_wf/anatMRIQC/anat_report_wf/101ff448bc807dc2d8caf163c7e26a7ac114b4f7/PlotArtmask".[0m
2026-03-26 22:43:00 |[34;20m INFO     [0m|[34;20m nipype.workflow  [0m|[34;20m [Node] Setting-up "mriqc_wf.anatMRIQC.ComputeIQMs.ComputeQI2" in "/local/nvme/ds005664_ts003.783806/ds/tmp/mriqc_wf/anatMRIQC/ComputeIQMs/101ff448bc807dc2d8caf163c7e26a7ac114b4f7/ComputeQI2".[0m
2026-03-26 22:43:00 |[34;20m INFO     [0m|[34;20m nipype.workflow  [0m|[34;20m [Node] Executing "PlotAirmask" <nireports.interfaces.mosaic.PlotContours>[0m
2026-03-26 22:43:00 |[34;20m INFO     [0m|[34;20m nipype.workflow  [0m|[34;20m [Node] Executing "ds_report_headmask" <mriqc.interfaces.DerivativesDataSink>[0m
2026-03-26 22:43:00 |[34;20m INFO     [0m|[34;20m nipype.workflow  [0m|[34;20m [Node] Executing "ComputeQI2" <mriqc.interfaces.anatomical.ComputeQI2>[0m
2026-03-26 22:43:00 |[34;20m INFO     [0m|[34;20m nipype.workflow  [0m|[34;20m [Node] Finished "ds_report_headmask", elapsed time 0.004866s.[0m
2026-03-26 22:43:00 |[34;20m INFO     [0m|[34;20m nipype.workflow  [0m|[34;20m [Node] Executing "PlotArtmask" <nireports.interfaces.mosaic.PlotContours>[0m
2026-03-26 22:43:00 |[34;20m INFO     [0m|[34;20m nipype.workflow  [0m|[34;20m [Node] Setting-up "mriqc_wf.anatMRIQC.anat_report_wf.ds_report_noisefit" in "/local/nvme/ds005664_ts003.783806/ds/tmp/mriqc_wf/anatMRIQC/anat_report_wf/5d48b37b57dde43c40f0f8e39a9a3b29e6b0f7b9/ds_report_noisefit".[0m
2026-03-26 22:43:00 |[34;20m INFO     [0m|[34;20m nipype.workflow  [0m|[34;20m [Node] Executing "ds_report_noisefit" <mriqc.interfaces.DerivativesDataSink>[0m
2026-03-26 22:43:00 |[34;20m INFO     [0m|[34;20m nipype.workflow  [0m|[34;20m [Node] Finished "ds_report_noisefit", elapsed time 0.004827s.[0m
2026-03-26 22:43:04 |[34;20m INFO     [0m|[34;20m nipype.workflow  [0m|[34;20m [Node] Finished "PlotArtmask", elapsed time 3.424414s.[0m
2026-03-26 22:43:04 |[34;20m INFO     [0m|[34;20m nipype.workflow  [0m|[34;20m [Node] Setting-up "mriqc_wf.anatMRIQC.anat_report_wf.ds_report_artmask" in "/local/nvme/ds005664_ts003.783806/ds/tmp/mriqc_wf/anatMRIQC/anat_report_wf/101ff448bc807dc2d8caf163c7e26a7ac114b4f7/ds_report_artmask".[0m
2026-03-26 22:43:04 |[34;20m INFO     [0m|[34;20m nipype.workflow  [0m|[34;20m [Node] Executing "ds_report_artmask" <mriqc.interfaces.DerivativesDataSink>[0m
2026-03-26 22:43:04 |[34;20m INFO     [0m|[34;20m nipype.workflow  [0m|[34;20m [Node] Finished "ds_report_artmask", elapsed time 0.005574s.[0m
2026-03-26 22:43:04 |[34;20m INFO     [0m|[34;20m nipype.workflow  [0m|[34;20m [Node] Finished "PlotAirmask", elapsed time 3.9124s.[0m
2026-03-26 22:43:06 |[34;20m INFO     [0m|[34;20m nipype.workflow  [0m|[34;20m [Node] Setting-up "mriqc_wf.anatMRIQC.anat_report_wf.ds_report_airmask" in "/local/nvme/ds005664_ts003.783806/ds/tmp/mriqc_wf/anatMRIQC/anat_report_wf/101ff448bc807dc2d8caf163c7e26a7ac114b4f7/ds_report_airmask".[0m
2026-03-26 22:43:06 |[34;20m INFO     [0m|[34;20m nipype.workflow  [0m|[34;20m [Node] Executing "ds_report_airmask" <mriqc.interfaces.DerivativesDataSink>[0m
2026-03-26 22:43:06 |[34;20m INFO     [0m|[34;20m nipype.workflow  [0m|[34;20m [Node] Finished "ds_report_airmask", elapsed time 0.005749s.[0m
2026-03-26 22:43:07 |[34;20m INFO     [0m|[34;20m nipype.workflow  [0m|[34;20m [Node] Finished "GradientThreshold", elapsed time 31.038804s.[0m
2026-03-26 22:43:08 |[34;20m INFO     [0m|[34;20m nipype.workflow  [0m|[34;20m [Node] Setting-up "mriqc_wf.anatMRIQC.anat_report_wf.PlotHeadmask" in "/local/nvme/ds005664_ts003.783806/ds/tmp/mriqc_wf/anatMRIQC/anat_report_wf/73f37850687a06c193ba0ea2d8d5e6146f773654/PlotHeadmask".[0m
2026-03-26 22:43:08 |[34;20m INFO     [0m|[34;20m nipype.workflow  [0m|[34;20m [Node] Setting-up "mriqc_wf.anatMRIQC.AirMaskWorkflow.ArtifactMask" in "/local/nvme/ds005664_ts003.783806/ds/tmp/mriqc_wf/anatMRIQC/AirMaskWorkflow/73f37850687a06c193ba0ea2d8d5e6146f773654/ArtifactMask".[0m
2026-03-26 22:43:08 |[34;20m INFO     [0m|[34;20m nipype.workflow  [0m|[34;20m [Node] Executing "PlotHeadmask" <nireports.interfaces.mosaic.PlotContours>[0m
2026-03-26 22:43:08 |[34;20m INFO     [0m|[34;20m nipype.workflow  [0m|[34;20m [Node] Executing "ArtifactMask" <mriqc.interfaces.anatomical.ArtifactMask>[0m
2026-03-26 22:43:12 |[34;20m INFO     [0m|[34;20m nipype.workflow  [0m|[34;20m [Node] Finished "PlotHeadmask", elapsed time 3.819789s.[0m
2026-03-26 22:43:12 |[34;20m INFO     [0m|[34;20m nipype.workflow  [0m|[34;20m [Node] Finished "ComputeQI2", elapsed time 11.73008s.[0m
2026-03-26 22:43:12 |[34;20m INFO     [0m|[34;20m nipype.workflow  [0m|[34;20m [Node] Setting-up "mriqc_wf.anatMRIQC.anat_report_wf.ds_report_headmask" in "/local/nvme/ds005664_ts003.783806/ds/tmp/mriqc_wf/anatMRIQC/anat_report_wf/73f37850687a06c193ba0ea2d8d5e6146f773654/ds_report_headmask".[0m
2026-03-26 22:43:12 |[34;20m INFO     [0m|[34;20m nipype.workflow  [0m|[34;20m [Node] Executing "ds_report_headmask" <mriqc.interfaces.DerivativesDataSink>[0m
2026-03-26 22:43:12 |[34;20m INFO     [0m|[34;20m nipype.workflow  [0m|[34;20m [Node] Finished "ds_report_headmask", elapsed time 0.004898s.[0m
2026-03-26 22:43:12 |[34;20m INFO     [0m|[34;20m nipype.workflow  [0m|[34;20m [Node] Setting-up "mriqc_wf.anatMRIQC.anat_report_wf.ds_report_noisefit" in "/local/nvme/ds005664_ts003.783806/ds/tmp/mriqc_wf/anatMRIQC/anat_report_wf/101ff448bc807dc2d8caf163c7e26a7ac114b4f7/ds_report_noisefit".[0m
2026-03-26 22:43:12 |[34;20m INFO     [0m|[34;20m nipype.workflow  [0m|[34;20m [Node] Executing "ds_report_noisefit" <mriqc.interfaces.DerivativesDataSink>[0m
2026-03-26 22:43:12 |[34;20m INFO     [0m|[34;20m nipype.workflow  [0m|[34;20m [Node] Finished "ds_report_noisefit", elapsed time 0.005121s.[0m
2026-03-26 22:43:13 |[34;20m INFO     [0m|[34;20m nipype.workflow  [0m|[34;20m [Node] Finished "ArtifactMask", elapsed time 4.867157s.[0m
2026-03-26 22:43:14 |[34;20m INFO     [0m|[34;20m nipype.workflow  [0m|[34;20m [Node] Setting-up "mriqc_wf.anatMRIQC.brain_tissue_segmentation.segmentation" in "/local/nvme/ds005664_ts003.783806/ds/tmp/mriqc_wf/anatMRIQC/brain_tissue_segmentation/5d48b37b57dde43c40f0f8e39a9a3b29e6b0f7b9/segmentation".[0m
2026-03-26 22:43:14 |[34;20m INFO     [0m|[34;20m nipype.workflow  [0m|[34;20m [Node] Executing "segmentation" <nipype.interfaces.ants.segmentation.Atropos>[0m
2026-03-26 22:44:05 |[34;20m INFO     [0m|[34;20m nipype.workflow  [0m|[34;20m [Node] Finished "segmentation", elapsed time 50.848391s.[0m
2026-03-26 22:44:06 |[34;20m INFO     [0m|[34;20m nipype.workflow  [0m|[34;20m [Node] Setting-up "mriqc_wf.anatMRIQC.brain_tissue_segmentation.segmentation" in "/local/nvme/ds005664_ts003.783806/ds/tmp/mriqc_wf/anatMRIQC/brain_tissue_segmentation/73f37850687a06c193ba0ea2d8d5e6146f773654/segmentation".[0m
2026-03-26 22:44:06 |[34;20m INFO     [0m|[34;20m nipype.workflow  [0m|[34;20m [Node] Executing "segmentation" <nipype.interfaces.ants.segmentation.Atropos>[0m
2026-03-26 22:45:45 |[34;20m INFO     [0m|[34;20m nipype.workflow  [0m|[34;20m [Node] Finished "segmentation", elapsed time 99.050661s.[0m
2026-03-26 22:45:46 |[34;20m INFO     [0m|[34;20m nipype.workflow  [0m|[34;20m [Node] Setting-up "mriqc_wf.anatMRIQC.brain_tissue_segmentation.segmentation" in "/local/nvme/ds005664_ts003.783806/ds/tmp/mriqc_wf/anatMRIQC/brain_tissue_segmentation/101ff448bc807dc2d8caf163c7e26a7ac114b4f7/segmentation".[0m
2026-03-26 22:45:46 |[34;20m INFO     [0m|[34;20m nipype.workflow  [0m|[34;20m [Node] Executing "segmentation" <nipype.interfaces.ants.segmentation.Atropos>[0m
2026-03-26 22:46:38 |[34;20m INFO     [0m|[34;20m nipype.workflow  [0m|[34;20m [Node] Finished "segmentation", elapsed time 51.589753s.[0m
2026-03-26 22:46:38 |[34;20m INFO     [0m|[34;20m nipype.workflow  [0m|[34;20m [Node] Setting-up "mriqc_wf.anatMRIQC.ComputeIQMs.provenance" in "/local/nvme/ds005664_ts003.783806/ds/tmp/mriqc_wf/anatMRIQC/ComputeIQMs/73f37850687a06c193ba0ea2d8d5e6146f773654/provenance".[0m
2026-03-26 22:46:38 |[34;20m INFO     [0m|[34;20m nipype.workflow  [0m|[34;20m [Node] Setting-up "mriqc_wf.anatMRIQC.ComputeIQMs.harmonize" in "/local/nvme/ds005664_ts003.783806/ds/tmp/mriqc_wf/anatMRIQC/ComputeIQMs/5d48b37b57dde43c40f0f8e39a9a3b29e6b0f7b9/harmonize".[0m
2026-03-26 22:46:38 |[34;20m INFO     [0m|[34;20m nipype.workflow  [0m|[34;20m [Node] Setting-up "mriqc_wf.anatMRIQC.anat_report_wf.PlotSegmentation" in "/local/nvme/ds005664_ts003.783806/ds/tmp/mriqc_wf/anatMRIQC/anat_report_wf/5d48b37b57dde43c40f0f8e39a9a3b29e6b0f7b9/PlotSegmentation".[0m
2026-03-26 22:46:38 |[34;20m INFO     [0m|[34;20m nipype.workflow  [0m|[34;20m [Node] Setting-up "mriqc_wf.anatMRIQC.ComputeIQMs.harmonize" in "/local/nvme/ds005664_ts003.783806/ds/tmp/mriqc_wf/anatMRIQC/ComputeIQMs/73f37850687a06c193ba0ea2d8d5e6146f773654/harmonize".[0m
2026-03-26 22:46:38 |[34;20m INFO     [0m|[34;20m nipype.workflow  [0m|[34;20m [Node] Setting-up "mriqc_wf.anatMRIQC.ComputeIQMs.harmonize" in "/local/nvme/ds005664_ts003.783806/ds/tmp/mriqc_wf/anatMRIQC/ComputeIQMs/101ff448bc807dc2d8caf163c7e26a7ac114b4f7/harmonize".[0m
2026-03-26 22:46:38 |[34;20m INFO     [0m|[34;20m nipype.workflow  [0m|[34;20m [Node] Setting-up "mriqc_wf.anatMRIQC.anat_report_wf.PlotSegmentation" in "/local/nvme/ds005664_ts003.783806/ds/tmp/mriqc_wf/anatMRIQC/anat_report_wf/73f37850687a06c193ba0ea2d8d5e6146f773654/PlotSegmentation".[0m
2026-03-26 22:46:38 |[34;20m INFO     [0m|[34;20m nipype.workflow  [0m|[34;20m [Node] Setting-up "mriqc_wf.anatMRIQC.anat_report_wf.PlotSegmentation" in "/local/nvme/ds005664_ts003.783806/ds/tmp/mriqc_wf/anatMRIQC/anat_report_wf/101ff448bc807dc2d8caf163c7e26a7ac114b4f7/PlotSegmentation".[0m
2026-03-26 22:46:38 |[34;20m INFO     [0m|[34;20m nipype.workflow  [0m|[34;20m [Node] Executing "provenance" <mriqc.interfaces.reports.AddProvenance>[0m
2026-03-26 22:46:38 |[34;20m INFO     [0m|[34;20m nipype.workflow  [0m|[34;20m [Node] Executing "PlotSegmentation" <nireports.interfaces.mosaic.PlotContours>[0m
2026-03-26 22:46:38 |[34;20m INFO     [0m|[34;20m nipype.workflow  [0m|[34;20m [Node] Executing "harmonize" <mriqc.interfaces.anatomical.Harmonize>[0m
2026-03-26 22:46:38 |[34;20m INFO     [0m|[34;20m nipype.workflow  [0m|[34;20m [Node] Executing "PlotSegmentation" <nireports.interfaces.mosaic.PlotContours>[0m
2026-03-26 22:46:38 |[34;20m INFO     [0m|[34;20m nipype.workflow  [0m|[34;20m [Node] Executing "harmonize" <mriqc.interfaces.anatomical.Harmonize>[0m
2026-03-26 22:46:38 |[34;20m INFO     [0m|[34;20m nipype.workflow  [0m|[34;20m [Node] Executing "harmonize" <mriqc.interfaces.anatomical.Harmonize>[0m
2026-03-26 22:46:38 |[34;20m INFO     [0m|[34;20m nipype.workflow  [0m|[34;20m [Node] Executing "PlotSegmentation" <nireports.interfaces.mosaic.PlotContours>[0m
2026-03-26 22:46:38 |[34;20m INFO     [0m|[34;20m nipype.workflow  [0m|[34;20m [Node] Finished "provenance", elapsed time 0.093059s.[0m
2026-03-26 22:46:38 |[34;20m INFO     [0m|[34;20m nipype.workflow  [0m|[34;20m [Node] Setting-up "mriqc_wf.anatMRIQC.anat_report_wf.PlotAirmask" in "/local/nvme/ds005664_ts003.783806/ds/tmp/mriqc_wf/anatMRIQC/anat_report_wf/73f37850687a06c193ba0ea2d8d5e6146f773654/PlotAirmask".[0m
2026-03-26 22:46:38 |[34;20m INFO     [0m|[34;20m nipype.workflow  [0m|[34;20m [Node] Setting-up "mriqc_wf.anatMRIQC.ComputeIQMs.ComputeQI2" in "/local/nvme/ds005664_ts003.783806/ds/tmp/mriqc_wf/anatMRIQC/ComputeIQMs/73f37850687a06c193ba0ea2d8d5e6146f773654/ComputeQI2".[0m
2026-03-26 22:46:38 |[34;20m INFO     [0m|[34;20m nipype.workflow  [0m|[34;20m [Node] Executing "PlotAirmask" <nireports.interfaces.mosaic.PlotContours>[0m
2026-03-26 22:46:38 |[34;20m INFO     [0m|[34;20m nipype.workflow  [0m|[34;20m [Node] Executing "ComputeQI2" <mriqc.interfaces.anatomical.ComputeQI2>[0m
2026-03-26 22:46:39 |[34;20m INFO     [0m|[34;20m nipype.workflow  [0m|[34;20m [Node] Finished "harmonize", elapsed time 1.02297s.[0m
2026-03-26 22:46:39 |[34;20m INFO     [0m|[34;20m nipype.workflow  [0m|[34;20m [Node] Finished "harmonize", elapsed time 1.477757s.[0m
2026-03-26 22:46:40 |[34;20m INFO     [0m|[34;20m nipype.workflow  [0m|[34;20m [Node] Finished "harmonize", elapsed time 1.636505s.[0m
2026-03-26 22:46:40 |[34;20m INFO     [0m|[34;20m nipype.workflow  [0m|[34;20m [Node] Setting-up "mriqc_wf.anatMRIQC.ComputeIQMs.measures" in "/local/nvme/ds005664_ts003.783806/ds/tmp/mriqc_wf/anatMRIQC/ComputeIQMs/5d48b37b57dde43c40f0f8e39a9a3b29e6b0f7b9/measures".[0m
2026-03-26 22:46:40 |[34;20m INFO     [0m|[34;20m nipype.workflow  [0m|[34;20m [Node] Setting-up "mriqc_wf.anatMRIQC.ComputeIQMs.measures" in "/local/nvme/ds005664_ts003.783806/ds/tmp/mriqc_wf/anatMRIQC/ComputeIQMs/73f37850687a06c193ba0ea2d8d5e6146f773654/measures".[0m
2026-03-26 22:46:40 |[34;20m INFO     [0m|[34;20m nipype.workflow  [0m|[34;20m [Node] Setting-up "mriqc_wf.anatMRIQC.anat_report_wf.PlotArtmask" in "/local/nvme/ds005664_ts003.783806/ds/tmp/mriqc_wf/anatMRIQC/anat_report_wf/73f37850687a06c193ba0ea2d8d5e6146f773654/PlotArtmask".[0m
2026-03-26 22:46:40 |[34;20m INFO     [0m|[34;20m nipype.workflow  [0m|[34;20m [Node] Executing "PlotArtmask" <nireports.interfaces.mosaic.PlotContours>[0m
2026-03-26 22:46:40 |[34;20m INFO     [0m|[34;20m nipype.workflow  [0m|[34;20m [Node] Executing "measures" <mriqc.interfaces.anatomical.StructuralQC>[0m
2026-03-26 22:46:40 |[34;20m INFO     [0m|[34;20m nipype.workflow  [0m|[34;20m [Node] Executing "measures" <mriqc.interfaces.anatomical.StructuralQC>[0m
2026-03-26 22:46:41 |[34;20m INFO     [0m|[34;20m nipype.workflow  [0m|[34;20m [Node] Finished "PlotSegmentation", elapsed time 3.132108s.[0m
2026-03-26 22:46:42 |[34;20m INFO     [0m|[34;20m nipype.workflow  [0m|[34;20m [Node] Setting-up "mriqc_wf.anatMRIQC.anat_report_wf.ds_report_segm" in "/local/nvme/ds005664_ts003.783806/ds/tmp/mriqc_wf/anatMRIQC/anat_report_wf/5d48b37b57dde43c40f0f8e39a9a3b29e6b0f7b9/ds_report_segm".[0m
2026-03-26 22:46:42 |[34;20m INFO     [0m|[34;20m nipype.workflow  [0m|[34;20m [Node] Executing "ds_report_segm" <mriqc.interfaces.DerivativesDataSink>[0m
2026-03-26 22:46:42 |[34;20m INFO     [0m|[34;20m nipype.workflow  [0m|[34;20m [Node] Finished "ds_report_segm", elapsed time 0.004942s.[0m
2026-03-26 22:46:42 |[34;20m INFO     [0m|[34;20m nipype.workflow  [0m|[34;20m [Node] Setting-up "mriqc_wf.anatMRIQC.ComputeIQMs.measures" in "/local/nvme/ds005664_ts003.783806/ds/tmp/mriqc_wf/anatMRIQC/ComputeIQMs/101ff448bc807dc2d8caf163c7e26a7ac114b4f7/measures".[0m
2026-03-26 22:46:42 |[34;20m INFO     [0m|[34;20m nipype.workflow  [0m|[34;20m [Node] Executing "measures" <mriqc.interfaces.anatomical.StructuralQC>[0m
2026-03-26 22:46:42 |[34;20m INFO     [0m|[34;20m nipype.workflow  [0m|[34;20m [Node] Finished "PlotAirmask", elapsed time 4.188139s.[0m
2026-03-26 22:46:43 |[34;20m INFO     [0m|[34;20m nipype.workflow  [0m|[34;20m [Node] Finished "PlotSegmentation", elapsed time 4.67982s.[0m
2026-03-26 22:46:43 |[34;20m INFO     [0m|[34;20m nipype.workflow  [0m|[34;20m [Node] Finished "PlotSegmentation", elapsed time 4.711749s.[0m
2026-03-26 22:46:43 |[93;20m WARNING  [0m|[93;20m nipype.interface [0m|[93;20m Estimated signal variation in the background was too small (MAD=0.0, sigma=6.0478)[0m
2026-03-26 22:46:43 |[93;20m WARNING  [0m|[93;20m nipype.interface [0m|[93;20m Estimated signal variation in the background was too small (MAD=0.0, sigma=6.0478)[0m
2026-03-26 22:46:43 |[93;20m WARNING  [0m|[93;20m nipype.interface [0m|[93;20m Estimated signal variation in the background was too small (MAD=0.0, sigma=6.0478)[0m
2026-03-26 22:46:44 |[34;20m INFO     [0m|[34;20m nipype.workflow  [0m|[34;20m [Node] Setting-up "mriqc_wf.anatMRIQC.anat_report_wf.ds_report_segm" in "/local/nvme/ds005664_ts003.783806/ds/tmp/mriqc_wf/anatMRIQC/anat_report_wf/73f37850687a06c193ba0ea2d8d5e6146f773654/ds_report_segm".[0m
2026-03-26 22:46:44 |[34;20m INFO     [0m|[34;20m nipype.workflow  [0m|[34;20m [Node] Executing "ds_report_segm" <mriqc.interfaces.DerivativesDataSink>[0m
2026-03-26 22:46:44 |[34;20m INFO     [0m|[34;20m nipype.workflow  [0m|[34;20m [Node] Finished "ds_report_segm", elapsed time 0.005395s.[0m
2026-03-26 22:46:44 |[34;20m INFO     [0m|[34;20m nipype.workflow  [0m|[34;20m [Node] Setting-up "mriqc_wf.anatMRIQC.anat_report_wf.ds_report_segm" in "/local/nvme/ds005664_ts003.783806/ds/tmp/mriqc_wf/anatMRIQC/anat_report_wf/101ff448bc807dc2d8caf163c7e26a7ac114b4f7/ds_report_segm".[0m
2026-03-26 22:46:44 |[34;20m INFO     [0m|[34;20m nipype.workflow  [0m|[34;20m [Node] Executing "ds_report_segm" <mriqc.interfaces.DerivativesDataSink>[0m
2026-03-26 22:46:44 |[34;20m INFO     [0m|[34;20m nipype.workflow  [0m|[34;20m [Node] Finished "ds_report_segm", elapsed time 0.005424s.[0m
2026-03-26 22:46:44 |[34;20m INFO     [0m|[34;20m nipype.workflow  [0m|[34;20m [Node] Setting-up "mriqc_wf.anatMRIQC.anat_report_wf.ds_report_airmask" in "/local/nvme/ds005664_ts003.783806/ds/tmp/mriqc_wf/anatMRIQC/anat_report_wf/73f37850687a06c193ba0ea2d8d5e6146f773654/ds_report_airmask".[0m
2026-03-26 22:46:44 |[34;20m INFO     [0m|[34;20m nipype.workflow  [0m|[34;20m [Node] Executing "ds_report_airmask" <mriqc.interfaces.DerivativesDataSink>[0m
2026-03-26 22:46:44 |[34;20m INFO     [0m|[34;20m nipype.workflow  [0m|[34;20m [Node] Finished "ds_report_airmask", elapsed time 0.005487s.[0m
2026-03-26 22:46:45 |[34;20m INFO     [0m|[34;20m nipype.workflow  [0m|[34;20m [Node] Finished "PlotArtmask", elapsed time 4.7319759999999995s.[0m
2026-03-26 22:46:45 |[93;20m WARNING  [0m|[93;20m nipype.interface [0m|[93;20m Estimated signal variation in the background was too small (MAD=0.0, sigma=31.2188)[0m
2026-03-26 22:46:45 |[93;20m WARNING  [0m|[93;20m nipype.interface [0m|[93;20m Estimated signal variation in the background was too small (MAD=0.0, sigma=31.2188)[0m
2026-03-26 22:46:45 |[93;20m WARNING  [0m|[93;20m nipype.interface [0m|[93;20m Estimated signal variation in the background was too small (MAD=0.0, sigma=31.2188)[0m
2026-03-26 22:46:46 |[34;20m INFO     [0m|[34;20m nipype.workflow  [0m|[34;20m [Node] Setting-up "mriqc_wf.anatMRIQC.anat_report_wf.ds_report_artmask" in "/local/nvme/ds005664_ts003.783806/ds/tmp/mriqc_wf/anatMRIQC/anat_report_wf/73f37850687a06c193ba0ea2d8d5e6146f773654/ds_report_artmask".[0m
2026-03-26 22:46:46 |[34;20m INFO     [0m|[34;20m nipype.workflow  [0m|[34;20m [Node] Executing "ds_report_artmask" <mriqc.interfaces.DerivativesDataSink>[0m
2026-03-26 22:46:46 |[34;20m INFO     [0m|[34;20m nipype.workflow  [0m|[34;20m [Node] Finished "ds_report_artmask", elapsed time 0.005083s.[0m
2026-03-26 22:46:47 |[34;20m INFO     [0m|[34;20m nipype.workflow  [0m|[34;20m [Node] Finished "measures", elapsed time 7.170539s.[0m
2026-03-26 22:46:48 |[34;20m INFO     [0m|[34;20m nipype.workflow  [0m|[34;20m [Node] Setting-up "mriqc_wf.anatMRIQC.ComputeIQMs.datasink" in "/local/nvme/ds005664_ts003.783806/ds/tmp/mriqc_wf/anatMRIQC/ComputeIQMs/5d48b37b57dde43c40f0f8e39a9a3b29e6b0f7b9/datasink".[0m
2026-03-26 22:46:48 |[34;20m INFO     [0m|[34;20m nipype.workflow  [0m|[34;20m [Node] Executing "datasink" <mriqc.interfaces.bids.IQMFileSink>[0m
2026-03-26 22:46:48 |[34;20m INFO     [0m|[34;20m nipype.workflow  [0m|[34;20m [Node] Finished "datasink", elapsed time 0.002332s.[0m
2026-03-26 22:46:48 |[93;20m WARNING  [0m|[93;20m nipype.interface [0m|[93;20m Estimated signal variation in the background was too small (MAD=0.0, sigma=6.5408)[0m
2026-03-26 22:46:48 |[93;20m WARNING  [0m|[93;20m nipype.interface [0m|[93;20m Estimated signal variation in the background was too small (MAD=0.0, sigma=6.5408)[0m
2026-03-26 22:46:48 |[93;20m WARNING  [0m|[93;20m nipype.interface [0m|[93;20m Estimated signal variation in the background was too small (MAD=0.0, sigma=6.5408)[0m
2026-03-26 22:46:49 |[34;20m INFO     [0m|[34;20m nipype.workflow  [0m|[34;20m [Node] Finished "ComputeQI2", elapsed time 10.77545s.[0m
2026-03-26 22:46:50 |[34;20m INFO     [0m|[34;20m nipype.workflow  [0m|[34;20m [Node] Setting-up "mriqc_wf.anatMRIQC.anat_report_wf.ds_report_noisefit" in "/local/nvme/ds005664_ts003.783806/ds/tmp/mriqc_wf/anatMRIQC/anat_report_wf/73f37850687a06c193ba0ea2d8d5e6146f773654/ds_report_noisefit".[0m
2026-03-26 22:46:50 |[34;20m INFO     [0m|[34;20m nipype.workflow  [0m|[34;20m [Node] Executing "ds_report_noisefit" <mriqc.interfaces.DerivativesDataSink>[0m
2026-03-26 22:46:50 |[34;20m INFO     [0m|[34;20m nipype.workflow  [0m|[34;20m [Node] Finished "ds_report_noisefit", elapsed time 0.005611s.[0m
2026-03-26 22:46:52 |[34;20m INFO     [0m|[34;20m nipype.workflow  [0m|[34;20m [Node] Finished "measures", elapsed time 11.501208s.[0m
2026-03-26 22:46:52 |[34;20m INFO     [0m|[34;20m nipype.workflow  [0m|[34;20m [Node] Setting-up "mriqc_wf.anatMRIQC.ComputeIQMs.datasink" in "/local/nvme/ds005664_ts003.783806/ds/tmp/mriqc_wf/anatMRIQC/ComputeIQMs/73f37850687a06c193ba0ea2d8d5e6146f773654/datasink".[0m
2026-03-26 22:46:52 |[34;20m INFO     [0m|[34;20m nipype.workflow  [0m|[34;20m [Node] Executing "datasink" <mriqc.interfaces.bids.IQMFileSink>[0m
2026-03-26 22:46:52 |[34;20m INFO     [0m|[34;20m nipype.workflow  [0m|[34;20m [Node] Finished "datasink", elapsed time 0.000638s.[0m
2026-03-26 22:47:01 |[34;20m INFO     [0m|[34;20m nipype.workflow  [0m|[34;20m [Node] Finished "measures", elapsed time 18.897831s.[0m
2026-03-26 22:47:02 |[34;20m INFO     [0m|[34;20m nipype.workflow  [0m|[34;20m [Node] Setting-up "mriqc_wf.anatMRIQC.ComputeIQMs.datasink" in "/local/nvme/ds005664_ts003.783806/ds/tmp/mriqc_wf/anatMRIQC/ComputeIQMs/101ff448bc807dc2d8caf163c7e26a7ac114b4f7/datasink".[0m
2026-03-26 22:47:02 |[34;20m INFO     [0m|[34;20m nipype.workflow  [0m|[34;20m [Node] Executing "datasink" <mriqc.interfaces.bids.IQMFileSink>[0m
2026-03-26 22:47:02 |[34;20m INFO     [0m|[34;20m nipype.workflow  [0m|[34;20m [Node] Finished "datasink", elapsed time 0.000669s.[0m
2026-03-26 22:47:04 |[34;20m INFO     [0m|[34;20m nipype.workflow  [0m|[34;20m Generating reports...[0m
2026-03-26 22:47:05 |[34;20m INFO     [0m|[34;20m nipype.workflow  [0m|[34;20m Report generation finished (3 reports).[0m
2026-03-26 22:47:05 |[33;20m IMPORTANT [0m|[33;20m mriqc            [0m|[33;20m Participant level finished successfully averaging 00h 03min 37s per subject.[0m
2026-03-26 22:47:05 |[34;20m INFO     [0m|[34;20m mriqc            [0m|[34;20m Generating BIDS derivatives metadata.[0m
----------------------------------------------------------------
  MRIQC completed (elapsed time 00h 10min 51s).
----------------------------------------------------------------

